
=INFO REPORT==== 3-Apr-2013::22:50:17 ===
Starting Boss in development mode....

=INFO REPORT==== 3-Apr-2013::22:50:17 ===
Starting master services on bbserv@Duchess

=INFO REPORT==== 3-Apr-2013::22:50:17 ===
SSL:[]

=INFO REPORT==== 3-Apr-2013::22:50:17 ===
Loading routes from "/Users/alan/src/bbserv/priv/bbserv.routes" ....

=INFO REPORT==== 3-Apr-2013::22:50:25 ===
Loading routes from "/Users/alan/src/bbserv/priv/bbserv.routes" ....

=INFO REPORT==== 3-Apr-2013::22:50:25 ===
GET /greeting/live [bbserv] 200 39ms

=INFO REPORT==== 3-Apr-2013::22:50:26 ===
Loading routes from "/Users/alan/src/bbserv/priv/bbserv.routes" ....

=INFO REPORT==== 3-Apr-2013::22:51:02 ===
Loading routes from "/Users/alan/src/bbserv/priv/bbserv.routes" ....

=INFO REPORT==== 3-Apr-2013::22:51:03 ===
GET /greeting/create [bbserv] 200 42ms

=INFO REPORT==== 3-Apr-2013::22:51:08 ===
Loading routes from "/Users/alan/src/bbserv/priv/bbserv.routes" ....

=INFO REPORT==== 3-Apr-2013::22:51:08 ===
Loading routes from "/Users/alan/src/bbserv/priv/bbserv.routes" ....

=INFO REPORT==== 3-Apr-2013::22:51:08 ===
POST /greeting/create [bbserv] 302 47ms

=INFO REPORT==== 3-Apr-2013::22:51:08 ===
Loading routes from "/Users/alan/src/bbserv/priv/bbserv.routes" ....

=INFO REPORT==== 3-Apr-2013::22:51:08 ===
GET /greeting/pull/1365040225884980 [bbserv] 200 50ms

=INFO REPORT==== 3-Apr-2013::22:51:08 ===
Loading routes from "/Users/alan/src/bbserv/priv/bbserv.routes" ....

=INFO REPORT==== 3-Apr-2013::22:51:08 ===
GET /greeting/list [bbserv] 200 52ms

=INFO REPORT==== 3-Apr-2013::23:01:09 ===
Loading routes from "/Users/alan/src/bbserv/priv/bbserv.routes" ....

=INFO REPORT==== 3-Apr-2013::23:01:09 ===
GET /greeting/create [bbserv] 200 52ms

=INFO REPORT==== 3-Apr-2013::23:01:14 ===
Loading routes from "/Users/alan/src/bbserv/priv/bbserv.routes" ....

=INFO REPORT==== 3-Apr-2013::23:01:14 ===
Loading routes from "/Users/alan/src/bbserv/priv/bbserv.routes" ....

=INFO REPORT==== 3-Apr-2013::23:01:14 ===
POST /greeting/create [bbserv] 302 45ms

=INFO REPORT==== 3-Apr-2013::23:01:14 ===
Loading routes from "/Users/alan/src/bbserv/priv/bbserv.routes" ....

=INFO REPORT==== 3-Apr-2013::23:01:14 ===
GET /greeting/pull/1365040268534261 [bbserv] 200 44ms

=INFO REPORT==== 3-Apr-2013::23:01:14 ===
Loading routes from "/Users/alan/src/bbserv/priv/bbserv.routes" ....

=INFO REPORT==== 3-Apr-2013::23:01:14 ===
GET /greeting/list [bbserv] 200 58ms

=INFO REPORT==== 3-Apr-2013::23:03:10 ===
Loading routes from "/Users/alan/src/bbserv/priv/bbserv.routes" ....

=INFO REPORT==== 3-Apr-2013::23:03:10 ===
POST /greeting/goodbye [bbserv] 302 39ms

=INFO REPORT==== 3-Apr-2013::23:03:10 ===
Loading routes from "/Users/alan/src/bbserv/priv/bbserv.routes" ....

=INFO REPORT==== 3-Apr-2013::23:03:10 ===
Loading routes from "/Users/alan/src/bbserv/priv/bbserv.routes" ....

=INFO REPORT==== 3-Apr-2013::23:03:10 ===
GET /greeting/list [bbserv] 200 47ms

=INFO REPORT==== 3-Apr-2013::23:09:51 ===
Loading routes from "/Users/alan/src/bbserv/priv/bbserv.routes" ....

=ERROR REPORT==== 3-Apr-2013::23:09:51 ===
{function_clause,
    [{bbserv_greeting_controller,pull,
         ['GET',[],
          {bbserv_greeting_controller,
              {simple_bridge_request_wrapper,mochiweb_request_bridge,
                  {mochiweb_request,
                      [#Port<0.20679>,'GET',"/greeting/pull",
                       {1,1},
                       {8,
                        {"host",
                         {'Host',"localhost:8001"},
                         {"connection",
                          {'Connection',"keep-alive"},
                          {"accept",
                           {'Accept',
                               "text/html,application/xhtml+xml,application/xml;q=0.9,*/*;q=0.8"},
                           nil,
                           {"accept-encoding",
                            {'Accept-Encoding',"gzip,deflate,sdch"},
                            {"accept-charset",
                             {'Accept-Charset',
                                 "ISO-8859-1,utf-8;q=0.7,*;q=0.3"},
                             nil,nil},
                            {"accept-language",
                             {'Accept-Language',"en-US,en;q=0.8"},
                             nil,nil}}},
                          {"cookie",
                           {'Cookie',
                               "_boss_session=1c194cb810755137a7aae9ac523feb1d59be80f1"},
                           nil,nil}},
                         {"user-agent",
                          {'User-Agent',
                              "Mozilla/5.0 (Macintosh; Intel Mac OS X 10_8_3) AppleWebKit/537.31 (KHTML, like Gecko) Chrome/26.0.1410.43 Safari/537.31"},
                          nil,nil}}}]},
                  false,[],[],none}}],
         [{file,
              "/Users/alan/src/bbserv/src/controller/bbserv_greeting_controller.erl"},
          {line,29}]},
     {boss_web_controller,execute_action,5,
         [{file,"src/boss/boss_web_controller.erl"},{line,791}]},
     {boss_web_controller,process_dynamic_request,5,
         [{file,"src/boss/boss_web_controller.erl"},{line,534}]},
     {boss_web_controller,process_request,5,
         [{file,"src/boss/boss_web_controller.erl"},{line,523}]},
     {timer,tc,3,[{file,"timer.erl"},{line,194}]},
     {boss_web_controller,build_dynamic_response,4,
         [{file,"src/boss/boss_web_controller.erl"},{line,457}]},
     {mochiweb_http,headers,5,[{file,"src/mochiweb_http.erl"},{line,94}]},
     {proc_lib,init_p_do_apply,3,[{file,"proc_lib.erl"},{line,227}]}]}

=ERROR REPORT==== 3-Apr-2013::23:09:51 ===
GET /greeting/pull [bbserv] 500 37ms

=INFO REPORT==== 3-Apr-2013::23:10:55 ===
Loading routes from "/Users/alan/src/bbserv/priv/bbserv.routes" ....

=INFO REPORT==== 3-Apr-2013::23:10:55 ===
GET /greeting/create [bbserv] 200 45ms

=INFO REPORT==== 3-Apr-2013::23:11:03 ===
Loading routes from "/Users/alan/src/bbserv/priv/bbserv.routes" ....

=INFO REPORT==== 3-Apr-2013::23:11:03 ===
POST /greeting/create [bbserv] 302 41ms

=INFO REPORT==== 3-Apr-2013::23:11:03 ===
Loading routes from "/Users/alan/src/bbserv/priv/bbserv.routes" ....

=INFO REPORT==== 3-Apr-2013::23:11:03 ===
GET /greeting/list [bbserv] 200 43ms

=INFO REPORT==== 3-Apr-2013::23:11:31 ===
Loading routes from "/Users/alan/src/bbserv/priv/bbserv.routes" ....

=ERROR REPORT==== 3-Apr-2013::23:11:31 ===
GET /greeting/pull%201 [bbserv] 404 51ms

=INFO REPORT==== 3-Apr-2013::23:11:51 ===
Loading routes from "/Users/alan/src/bbserv/priv/bbserv.routes" ....

=ERROR REPORT==== 3-Apr-2013::23:11:51 ===
GET /greeting/pull1 [bbserv] 404 51ms

=INFO REPORT==== 3-Apr-2013::23:12:02 ===
Loading routes from "/Users/alan/src/bbserv/priv/bbserv.routes" ....

=INFO REPORT==== 3-Apr-2013::23:12:02 ===
GET /greeting/pull/1 [bbserv] 200 38ms

=INFO REPORT==== 3-Apr-2013::23:12:35 ===
Loading routes from "/Users/alan/src/bbserv/priv/bbserv.routes" ....

=INFO REPORT==== 3-Apr-2013::23:12:35 ===
GET /greeting/pull/0 [bbserv] 200 39ms

=INFO REPORT==== 3-Apr-2013::23:12:47 ===
Loading routes from "/Users/alan/src/bbserv/priv/bbserv.routes" ....

=INFO REPORT==== 3-Apr-2013::23:12:47 ===
GET /greeting/create [bbserv] 200 42ms

=INFO REPORT==== 3-Apr-2013::23:12:54 ===
Loading routes from "/Users/alan/src/bbserv/priv/bbserv.routes" ....

=INFO REPORT==== 3-Apr-2013::23:12:54 ===
POST /greeting/create [bbserv] 302 38ms

=INFO REPORT==== 3-Apr-2013::23:12:54 ===
Loading routes from "/Users/alan/src/bbserv/priv/bbserv.routes" ....

=INFO REPORT==== 3-Apr-2013::23:12:54 ===
GET /greeting/list [bbserv] 200 42ms

=INFO REPORT==== 3-Apr-2013::23:12:58 ===
Loading routes from "/Users/alan/src/bbserv/priv/bbserv.routes" ....

=INFO REPORT==== 3-Apr-2013::23:12:58 ===
GET /greeting/pull/0 [bbserv] 200 39ms

=INFO REPORT==== 3-Apr-2013::23:44:28 ===
Loading routes from "/Users/alan/src/bbserv/priv/bbserv.routes" ....

=INFO REPORT==== 3-Apr-2013::23:44:29 ===
GET /greeting/create [bbserv] 200 47ms

=INFO REPORT==== 3-Apr-2013::23:49:31 ===
Loading routes from "/Users/alan/src/bbserv/priv/bbserv.routes" ....

=ERROR REPORT==== 3-Apr-2013::23:49:31 ===
Call to tuple fun {unbound_var,'LastTimeStamp'}.

Tuple funs are deprecated and will be removed in R16. Use "fun M:F/A" instead, for example "fun unbound_var:'LastTimeStamp'/0".

(This warning will only be shown the first time a tuple fun is called.)


=ERROR REPORT==== 3-Apr-2013::23:49:31 ===
{undef,[{unbound_var,'LastTimeStamp',[],[]},
        {erlydtl_filters,format_number,1,
                         [{file,"src/erlydtl_filters.erl"},{line,374}]},
        {boss_html_error_template,'-render_internal/2-fun-0-',2,[]},
        {lists,mapfoldl,3,[{file,"lists.erl"},{line,1278}]},
        {erlydtl_runtime,forloop,3,
                         [{file,"src/erlydtl_runtime.erl"},{line,234}]},
        {boss_html_error_template,'-render_internal/2-fun-2-',2,[]},
        {lists,mapfoldl,3,[{file,"lists.erl"},{line,1278}]},
        {erlydtl_runtime,forloop,3,
                         [{file,"src/erlydtl_runtime.erl"},{line,234}]}]}

=ERROR REPORT==== 3-Apr-2013::23:49:31 ===
GET /greeting/live [bbserv] 500 23ms

=INFO REPORT==== 4-Apr-2013::00:30:43 ===
Loading routes from "/Users/alan/src/bbserv/priv/bbserv.routes" ....

=INFO REPORT==== 4-Apr-2013::00:30:43 ===
GET /greeting/live [bbserv] 200 57ms

=INFO REPORT==== 4-Apr-2013::00:30:44 ===
Loading routes from "/Users/alan/src/bbserv/priv/bbserv.routes" ....

=INFO REPORT==== 4-Apr-2013::00:30:48 ===
Loading routes from "/Users/alan/src/bbserv/priv/bbserv.routes" ....

=INFO REPORT==== 4-Apr-2013::00:30:48 ===
POST /greeting/goodbye [bbserv] 302 43ms

=INFO REPORT==== 4-Apr-2013::00:30:48 ===
Loading routes from "/Users/alan/src/bbserv/priv/bbserv.routes" ....

=INFO REPORT==== 4-Apr-2013::00:30:48 ===
Loading routes from "/Users/alan/src/bbserv/priv/bbserv.routes" ....

=INFO REPORT==== 4-Apr-2013::00:30:48 ===
GET /greeting/list [bbserv] 200 57ms

=INFO REPORT==== 4-Apr-2013::00:30:56 ===
Loading routes from "/Users/alan/src/bbserv/priv/bbserv.routes" ....

=INFO REPORT==== 4-Apr-2013::00:30:56 ===
GET /greeting/live [bbserv] 200 48ms

=INFO REPORT==== 4-Apr-2013::00:30:56 ===
Loading routes from "/Users/alan/src/bbserv/priv/bbserv.routes" ....

=INFO REPORT==== 4-Apr-2013::00:31:48 ===
Loading routes from "/Users/alan/src/bbserv/priv/bbserv.routes" ....

=INFO REPORT==== 4-Apr-2013::00:31:48 ===
POST /greeting/goodbye [bbserv] 302 42ms

=INFO REPORT==== 4-Apr-2013::00:31:48 ===
Loading routes from "/Users/alan/src/bbserv/priv/bbserv.routes" ....

=INFO REPORT==== 4-Apr-2013::00:31:48 ===
Loading routes from "/Users/alan/src/bbserv/priv/bbserv.routes" ....

=INFO REPORT==== 4-Apr-2013::00:31:48 ===
GET /greeting/list [bbserv] 200 51ms

=INFO REPORT==== 4-Apr-2013::00:31:56 ===
Loading routes from "/Users/alan/src/bbserv/priv/bbserv.routes" ....

=INFO REPORT==== 4-Apr-2013::00:31:56 ===
GET /greeting/create [bbserv] 200 50ms

=INFO REPORT==== 4-Apr-2013::00:32:00 ===
Loading routes from "/Users/alan/src/bbserv/priv/bbserv.routes" ....

=INFO REPORT==== 4-Apr-2013::00:32:00 ===
POST /greeting/create [bbserv] 302 45ms

=INFO REPORT==== 4-Apr-2013::00:32:00 ===
Loading routes from "/Users/alan/src/bbserv/priv/bbserv.routes" ....

=INFO REPORT==== 4-Apr-2013::00:32:00 ===
GET /greeting/list [bbserv] 200 51ms

=INFO REPORT==== 4-Apr-2013::00:32:12 ===
Loading routes from "/Users/alan/src/bbserv/priv/bbserv.routes" ....

=INFO REPORT==== 4-Apr-2013::00:32:12 ===
GET /greeting/live [bbserv] 200 48ms

=INFO REPORT==== 4-Apr-2013::00:32:12 ===
Loading routes from "/Users/alan/src/bbserv/priv/bbserv.routes" ....

=INFO REPORT==== 4-Apr-2013::00:32:15 ===
Loading routes from "/Users/alan/src/bbserv/priv/bbserv.routes" ....

=INFO REPORT==== 4-Apr-2013::00:32:15 ===
GET /greeting/create [bbserv] 200 46ms

=INFO REPORT==== 4-Apr-2013::00:32:18 ===
Loading routes from "/Users/alan/src/bbserv/priv/bbserv.routes" ....

=INFO REPORT==== 4-Apr-2013::00:32:18 ===
Loading routes from "/Users/alan/src/bbserv/priv/bbserv.routes" ....

=INFO REPORT==== 4-Apr-2013::00:32:18 ===
POST /greeting/create [bbserv] 302 43ms

=INFO REPORT==== 4-Apr-2013::00:32:18 ===
Loading routes from "/Users/alan/src/bbserv/priv/bbserv.routes" ....

=INFO REPORT==== 4-Apr-2013::00:32:18 ===
GET /greeting/pull/1365046332213842 [bbserv] 200 44ms

=INFO REPORT==== 4-Apr-2013::00:32:18 ===
Loading routes from "/Users/alan/src/bbserv/priv/bbserv.routes" ....

=INFO REPORT==== 4-Apr-2013::00:32:18 ===
GET /greeting/list [bbserv] 200 52ms

=INFO REPORT==== 4-Apr-2013::00:32:25 ===
Loading routes from "/Users/alan/src/bbserv/priv/bbserv.routes" ....

=INFO REPORT==== 4-Apr-2013::00:32:25 ===
POST /greeting/goodbye [bbserv] 302 43ms

=INFO REPORT==== 4-Apr-2013::00:32:25 ===
Loading routes from "/Users/alan/src/bbserv/priv/bbserv.routes" ....

=INFO REPORT==== 4-Apr-2013::00:32:25 ===
Loading routes from "/Users/alan/src/bbserv/priv/bbserv.routes" ....

=INFO REPORT==== 4-Apr-2013::00:32:25 ===
GET /greeting/list [bbserv] 200 53ms

=INFO REPORT==== 4-Apr-2013::00:32:32 ===
Loading routes from "/Users/alan/src/bbserv/priv/bbserv.routes" ....

=INFO REPORT==== 4-Apr-2013::00:32:32 ===
GET /greeting/create [bbserv] 200 51ms

=INFO REPORT==== 4-Apr-2013::00:32:34 ===
Loading routes from "/Users/alan/src/bbserv/priv/bbserv.routes" ....

=INFO REPORT==== 4-Apr-2013::00:32:34 ===
POST /greeting/create [bbserv] 302 44ms

=INFO REPORT==== 4-Apr-2013::00:32:34 ===
Loading routes from "/Users/alan/src/bbserv/priv/bbserv.routes" ....

=INFO REPORT==== 4-Apr-2013::00:32:34 ===
GET /greeting/list [bbserv] 200 46ms

=INFO REPORT==== 4-Apr-2013::00:32:43 ===
Loading routes from "/Users/alan/src/bbserv/priv/bbserv.routes" ....

=INFO REPORT==== 4-Apr-2013::00:32:43 ===
GET /greeting/live [bbserv] 200 46ms

=INFO REPORT==== 4-Apr-2013::00:32:44 ===
Loading routes from "/Users/alan/src/bbserv/priv/bbserv.routes" ....

=INFO REPORT==== 4-Apr-2013::00:32:47 ===
Loading routes from "/Users/alan/src/bbserv/priv/bbserv.routes" ....

=INFO REPORT==== 4-Apr-2013::00:32:47 ===
GET /greeting/create [bbserv] 200 46ms

=INFO REPORT==== 4-Apr-2013::00:32:50 ===
Loading routes from "/Users/alan/src/bbserv/priv/bbserv.routes" ....

=INFO REPORT==== 4-Apr-2013::00:32:50 ===
Loading routes from "/Users/alan/src/bbserv/priv/bbserv.routes" ....

=INFO REPORT==== 4-Apr-2013::00:32:50 ===
POST /greeting/create [bbserv] 302 42ms

=INFO REPORT==== 4-Apr-2013::00:32:50 ===
Loading routes from "/Users/alan/src/bbserv/priv/bbserv.routes" ....

=INFO REPORT==== 4-Apr-2013::00:32:50 ===
GET /greeting/pull/1365046363972870 [bbserv] 200 43ms

=INFO REPORT==== 4-Apr-2013::00:32:50 ===
Loading routes from "/Users/alan/src/bbserv/priv/bbserv.routes" ....

=INFO REPORT==== 4-Apr-2013::00:32:50 ===
GET /greeting/list [bbserv] 200 52ms

=INFO REPORT==== 4-Apr-2013::00:33:23 ===
Loading routes from "/Users/alan/src/bbserv/priv/bbserv.routes" ....

=INFO REPORT==== 4-Apr-2013::00:33:23 ===
GET /greeting/pull/0 [bbserv] 200 41ms

=INFO REPORT==== 4-Apr-2013::00:33:39 ===
Loading routes from "/Users/alan/src/bbserv/priv/bbserv.routes" ....

=INFO REPORT==== 4-Apr-2013::00:33:39 ===
Loading routes from "/Users/alan/src/bbserv/priv/bbserv.routes" ....

=INFO REPORT==== 4-Apr-2013::00:33:39 ===
GET /greeting/pull/0 [bbserv] 200 43ms

=INFO REPORT==== 4-Apr-2013::00:33:42 ===
Loading routes from "/Users/alan/src/bbserv/priv/bbserv.routes" ....

=INFO REPORT==== 4-Apr-2013::00:33:42 ===
GET /greeting/pull/0 [bbserv] 200 39ms

=INFO REPORT==== 4-Apr-2013::00:33:43 ===
Loading routes from "/Users/alan/src/bbserv/priv/bbserv.routes" ....

=INFO REPORT==== 4-Apr-2013::00:33:43 ===
GET /greeting/pull/0 [bbserv] 200 44ms

=INFO REPORT==== 4-Apr-2013::00:33:45 ===
Loading routes from "/Users/alan/src/bbserv/priv/bbserv.routes" ....

=INFO REPORT==== 4-Apr-2013::00:33:45 ===
GET /greeting/pull/0 [bbserv] 200 43ms

=INFO REPORT==== 4-Apr-2013::00:33:47 ===
Loading routes from "/Users/alan/src/bbserv/priv/bbserv.routes" ....

=INFO REPORT==== 4-Apr-2013::00:33:47 ===
GET /greeting/pull/0 [bbserv] 200 40ms

=INFO REPORT==== 4-Apr-2013::00:33:50 ===
Loading routes from "/Users/alan/src/bbserv/priv/bbserv.routes" ....

=INFO REPORT==== 4-Apr-2013::00:33:51 ===
GET /greeting/pull/0 [bbserv] 200 39ms

=INFO REPORT==== 4-Apr-2013::00:33:55 ===
Loading routes from "/Users/alan/src/bbserv/priv/bbserv.routes" ....

=INFO REPORT==== 4-Apr-2013::00:33:55 ===
GET /greeting/live [bbserv] 200 46ms

=INFO REPORT==== 4-Apr-2013::00:33:55 ===
Loading routes from "/Users/alan/src/bbserv/priv/bbserv.routes" ....

=INFO REPORT==== 4-Apr-2013::00:33:59 ===
Loading routes from "/Users/alan/src/bbserv/priv/bbserv.routes" ....

=INFO REPORT==== 4-Apr-2013::00:34:08 ===
Loading routes from "/Users/alan/src/bbserv/priv/bbserv.routes" ....

=INFO REPORT==== 4-Apr-2013::00:34:08 ===
Loading routes from "/Users/alan/src/bbserv/priv/bbserv.routes" ....

=INFO REPORT==== 4-Apr-2013::00:34:08 ===
POST /greeting/goodbye [bbserv] 302 46ms

=INFO REPORT==== 4-Apr-2013::00:34:08 ===
Loading routes from "/Users/alan/src/bbserv/priv/bbserv.routes" ....

=INFO REPORT==== 4-Apr-2013::00:34:08 ===
GET /greeting/list [bbserv] 200 53ms

=INFO REPORT==== 4-Apr-2013::00:34:12 ===
Loading routes from "/Users/alan/src/bbserv/priv/bbserv.routes" ....

=INFO REPORT==== 4-Apr-2013::00:34:19 ===
Loading routes from "/Users/alan/src/bbserv/priv/bbserv.routes" ....

=INFO REPORT==== 4-Apr-2013::00:34:27 ===
Loading routes from "/Users/alan/src/bbserv/priv/bbserv.routes" ....

=INFO REPORT==== 4-Apr-2013::00:34:27 ===
GET /greeting/list [bbserv] 200 47ms

=INFO REPORT==== 4-Apr-2013::00:34:33 ===
Loading routes from "/Users/alan/src/bbserv/priv/bbserv.routes" ....

=INFO REPORT==== 4-Apr-2013::00:34:33 ===
GET /greeting/live [bbserv] 200 53ms

=INFO REPORT==== 4-Apr-2013::00:34:33 ===
Loading routes from "/Users/alan/src/bbserv/priv/bbserv.routes" ....

=INFO REPORT==== 4-Apr-2013::00:34:39 ===
Loading routes from "/Users/alan/src/bbserv/priv/bbserv.routes" ....

=INFO REPORT==== 4-Apr-2013::00:34:44 ===
Loading routes from "/Users/alan/src/bbserv/priv/bbserv.routes" ....

=INFO REPORT==== 4-Apr-2013::00:34:44 ===
Loading routes from "/Users/alan/src/bbserv/priv/bbserv.routes" ....

=INFO REPORT==== 4-Apr-2013::00:35:24 ===
Loading routes from "/Users/alan/src/bbserv/priv/bbserv.routes" ....

=INFO REPORT==== 4-Apr-2013::00:36:18 ===
Loading routes from "/Users/alan/src/bbserv/priv/bbserv.routes" ....

=INFO REPORT==== 4-Apr-2013::00:36:18 ===
GET /greeting/delete_listener/1 [bbserv] 200 53455ms

=INFO REPORT==== 4-Apr-2013::00:36:18 ===
POST /greeting/goodbye [bbserv] 302 43ms

=INFO REPORT==== 4-Apr-2013::00:36:18 ===
Loading routes from "/Users/alan/src/bbserv/priv/bbserv.routes" ....

=INFO REPORT==== 4-Apr-2013::00:36:18 ===
GET /greeting/list [bbserv] 200 52ms

=INFO REPORT==== 4-Apr-2013::00:43:23 ===
Loading routes from "/Users/alan/src/bbserv/priv/bbserv.routes" ....

=INFO REPORT==== 4-Apr-2013::00:43:23 ===
GET /greeting/live [bbserv] 200 60ms

=INFO REPORT==== 4-Apr-2013::00:43:23 ===
Loading routes from "/Users/alan/src/bbserv/priv/bbserv.routes" ....

=INFO REPORT==== 4-Apr-2013::00:43:23 ===
Loading routes from "/Users/alan/src/bbserv/priv/bbserv.routes" ....

=INFO REPORT==== 4-Apr-2013::00:43:27 ===
Loading routes from "/Users/alan/src/bbserv/priv/bbserv.routes" ....

=INFO REPORT==== 4-Apr-2013::00:43:27 ===
GET /greeting/list [bbserv] 200 46ms

=INFO REPORT==== 4-Apr-2013::00:43:29 ===
Loading routes from "/Users/alan/src/bbserv/priv/bbserv.routes" ....

=INFO REPORT==== 4-Apr-2013::00:43:29 ===
Loading routes from "/Users/alan/src/bbserv/priv/bbserv.routes" ....

=INFO REPORT==== 4-Apr-2013::00:43:29 ===
POST /greeting/goodbye [bbserv] 302 46ms

=INFO REPORT==== 4-Apr-2013::00:43:29 ===
Loading routes from "/Users/alan/src/bbserv/priv/bbserv.routes" ....

=INFO REPORT==== 4-Apr-2013::00:43:29 ===
GET /greeting/list [bbserv] 200 53ms

=INFO REPORT==== 4-Apr-2013::00:43:36 ===
Loading routes from "/Users/alan/src/bbserv/priv/bbserv.routes" ....

=INFO REPORT==== 4-Apr-2013::00:43:36 ===
GET /greeting/delete_listener/1 [bbserv] 200 39ms

=INFO REPORT==== 4-Apr-2013::00:43:53 ===
Loading routes from "/Users/alan/src/bbserv/priv/bbserv.routes" ....

=INFO REPORT==== 4-Apr-2013::00:43:53 ===
GET /greeting/live [bbserv] 200 49ms

=INFO REPORT==== 4-Apr-2013::00:43:53 ===
Loading routes from "/Users/alan/src/bbserv/priv/bbserv.routes" ....

=INFO REPORT==== 4-Apr-2013::00:43:53 ===
Loading routes from "/Users/alan/src/bbserv/priv/bbserv.routes" ....

=INFO REPORT==== 4-Apr-2013::00:44:58 ===
Loading routes from "/Users/alan/src/bbserv/priv/bbserv.routes" ....

=ERROR REPORT==== 4-Apr-2013::00:44:58 ===
GET /greeting/live.html [bbserv] 404 50ms

=INFO REPORT==== 4-Apr-2013::00:45:05 ===
Loading routes from "/Users/alan/src/bbserv/priv/bbserv.routes" ....

=INFO REPORT==== 4-Apr-2013::00:45:05 ===
GET /greeting/live [bbserv] 200 49ms

=INFO REPORT==== 4-Apr-2013::00:45:05 ===
Loading routes from "/Users/alan/src/bbserv/priv/bbserv.routes" ....

=INFO REPORT==== 4-Apr-2013::00:45:05 ===
Loading routes from "/Users/alan/src/bbserv/priv/bbserv.routes" ....

=INFO REPORT==== 4-Apr-2013::00:46:38 ===
Loading routes from "/Users/alan/src/bbserv/priv/bbserv.routes" ....

=INFO REPORT==== 4-Apr-2013::00:46:38 ===
GET /greeting/live [bbserv] 200 62ms

=INFO REPORT==== 4-Apr-2013::00:46:38 ===
Loading routes from "/Users/alan/src/bbserv/priv/bbserv.routes" ....

=INFO REPORT==== 4-Apr-2013::00:46:38 ===
Loading routes from "/Users/alan/src/bbserv/priv/bbserv.routes" ....

=INFO REPORT==== 4-Apr-2013::00:46:43 ===
Loading routes from "/Users/alan/src/bbserv/priv/bbserv.routes" ....

=INFO REPORT==== 4-Apr-2013::00:46:43 ===
GET /greeting/create [bbserv] 200 44ms

=INFO REPORT==== 4-Apr-2013::00:46:45 ===
Loading routes from "/Users/alan/src/bbserv/priv/bbserv.routes" ....

=INFO REPORT==== 4-Apr-2013::00:46:45 ===
Loading routes from "/Users/alan/src/bbserv/priv/bbserv.routes" ....

=INFO REPORT==== 4-Apr-2013::00:46:45 ===
POST /greeting/create [bbserv] 302 47ms

=INFO REPORT==== 4-Apr-2013::00:46:45 ===
Loading routes from "/Users/alan/src/bbserv/priv/bbserv.routes" ....

=INFO REPORT==== 4-Apr-2013::00:46:45 ===
GET /greeting/pull/1365047198618508 [bbserv] 200 46ms

=INFO REPORT==== 4-Apr-2013::00:46:45 ===
Loading routes from "/Users/alan/src/bbserv/priv/bbserv.routes" ....

=INFO REPORT==== 4-Apr-2013::00:46:45 ===
GET /greeting/list [bbserv] 200 58ms

=INFO REPORT==== 4-Apr-2013::00:46:50 ===
Loading routes from "/Users/alan/src/bbserv/priv/bbserv.routes" ....

=INFO REPORT==== 4-Apr-2013::00:46:50 ===
POST /greeting/goodbye [bbserv] 302 40ms

=INFO REPORT==== 4-Apr-2013::00:46:50 ===
Loading routes from "/Users/alan/src/bbserv/priv/bbserv.routes" ....

=INFO REPORT==== 4-Apr-2013::00:46:50 ===
Loading routes from "/Users/alan/src/bbserv/priv/bbserv.routes" ....

=INFO REPORT==== 4-Apr-2013::00:46:50 ===
GET /greeting/list [bbserv] 200 46ms

=INFO REPORT==== 4-Apr-2013::00:46:57 ===
Loading routes from "/Users/alan/src/bbserv/priv/bbserv.routes" ....

=INFO REPORT==== 4-Apr-2013::00:46:57 ===
GET /greeting/create [bbserv] 200 49ms

=INFO REPORT==== 4-Apr-2013::00:46:59 ===
Loading routes from "/Users/alan/src/bbserv/priv/bbserv.routes" ....

=INFO REPORT==== 4-Apr-2013::00:46:59 ===
POST /greeting/create [bbserv] 302 42ms

=INFO REPORT==== 4-Apr-2013::00:46:59 ===
Loading routes from "/Users/alan/src/bbserv/priv/bbserv.routes" ....

=INFO REPORT==== 4-Apr-2013::00:46:59 ===
GET /greeting/list [bbserv] 200 45ms

=INFO REPORT==== 4-Apr-2013::00:47:41 ===
Loading routes from "/Users/alan/src/bbserv/priv/bbserv.routes" ....

=INFO REPORT==== 4-Apr-2013::00:47:41 ===
GET /greeting/list [bbserv] 200 49ms

=INFO REPORT==== 4-Apr-2013::00:47:44 ===
Loading routes from "/Users/alan/src/bbserv/priv/bbserv.routes" ....

=INFO REPORT==== 4-Apr-2013::00:47:44 ===
GET /greeting/live [bbserv] 200 66ms

=INFO REPORT==== 4-Apr-2013::00:47:44 ===
Loading routes from "/Users/alan/src/bbserv/priv/bbserv.routes" ....

=INFO REPORT==== 4-Apr-2013::00:47:44 ===
Loading routes from "/Users/alan/src/bbserv/priv/bbserv.routes" ....

=INFO REPORT==== 4-Apr-2013::00:47:49 ===
Loading routes from "/Users/alan/src/bbserv/priv/bbserv.routes" ....

=INFO REPORT==== 4-Apr-2013::00:47:49 ===
POST /greeting/goodbye [bbserv] 302 44ms

=INFO REPORT==== 4-Apr-2013::00:47:49 ===
GET /greeting/delete_listener/1365047264454425 [bbserv] 200 4554ms

=INFO REPORT==== 4-Apr-2013::00:47:49 ===
Loading routes from "/Users/alan/src/bbserv/priv/bbserv.routes" ....

=INFO REPORT==== 4-Apr-2013::00:47:49 ===
Loading routes from "/Users/alan/src/bbserv/priv/bbserv.routes" ....

=INFO REPORT==== 4-Apr-2013::00:47:49 ===
Loading routes from "/Users/alan/src/bbserv/priv/bbserv.routes" ....

=INFO REPORT==== 4-Apr-2013::00:47:49 ===
GET /greeting/list [bbserv] 200 62ms

=INFO REPORT==== 4-Apr-2013::00:48:02 ===
Loading routes from "/Users/alan/src/bbserv/priv/bbserv.routes" ....

=INFO REPORT==== 4-Apr-2013::00:48:02 ===
GET /greeting/live [bbserv] 200 45ms

=INFO REPORT==== 4-Apr-2013::00:48:02 ===
Loading routes from "/Users/alan/src/bbserv/priv/bbserv.routes" ....

=INFO REPORT==== 4-Apr-2013::00:48:02 ===
Loading routes from "/Users/alan/src/bbserv/priv/bbserv.routes" ....

=INFO REPORT==== 4-Apr-2013::01:02:05 ===
Loading routes from "/Users/alan/src/bbserv/priv/bbserv.routes" ....

=INFO REPORT==== 4-Apr-2013::01:02:05 ===
GET /greeting/live [bbserv] 200 65ms

=INFO REPORT==== 4-Apr-2013::01:02:05 ===
Loading routes from "/Users/alan/src/bbserv/priv/bbserv.routes" ....

=INFO REPORT==== 4-Apr-2013::01:02:05 ===
Loading routes from "/Users/alan/src/bbserv/priv/bbserv.routes" ....

=INFO REPORT==== 4-Apr-2013::01:02:11 ===
Loading routes from "/Users/alan/src/bbserv/priv/bbserv.routes" ....

=INFO REPORT==== 4-Apr-2013::01:02:11 ===
GET /greeting/create [bbserv] 200 44ms

=INFO REPORT==== 4-Apr-2013::01:02:14 ===
Loading routes from "/Users/alan/src/bbserv/priv/bbserv.routes" ....

=INFO REPORT==== 4-Apr-2013::01:02:14 ===
Loading routes from "/Users/alan/src/bbserv/priv/bbserv.routes" ....

=INFO REPORT==== 4-Apr-2013::01:02:14 ===
POST /greeting/create [bbserv] 302 47ms

=INFO REPORT==== 4-Apr-2013::01:02:14 ===
Loading routes from "/Users/alan/src/bbserv/priv/bbserv.routes" ....

=INFO REPORT==== 4-Apr-2013::01:02:14 ===
GET /greeting/pull/1365048125565132 [bbserv] 200 47ms

=INFO REPORT==== 4-Apr-2013::01:02:14 ===
Loading routes from "/Users/alan/src/bbserv/priv/bbserv.routes" ....

=INFO REPORT==== 4-Apr-2013::01:02:14 ===
GET /greeting/list [bbserv] 200 57ms

=INFO REPORT==== 4-Apr-2013::01:02:16 ===
Loading routes from "/Users/alan/src/bbserv/priv/bbserv.routes" ....

=INFO REPORT==== 4-Apr-2013::01:02:16 ===
POST /greeting/goodbye [bbserv] 302 41ms

=INFO REPORT==== 4-Apr-2013::01:02:16 ===
Loading routes from "/Users/alan/src/bbserv/priv/bbserv.routes" ....

=INFO REPORT==== 4-Apr-2013::01:02:16 ===
Loading routes from "/Users/alan/src/bbserv/priv/bbserv.routes" ....

=INFO REPORT==== 4-Apr-2013::01:02:16 ===
GET /greeting/list [bbserv] 200 52ms

=INFO REPORT==== 4-Apr-2013::01:02:20 ===
Loading routes from "/Users/alan/src/bbserv/priv/bbserv.routes" ....

=INFO REPORT==== 4-Apr-2013::01:02:20 ===
GET /greeting/live [bbserv] 200 46ms

=INFO REPORT==== 4-Apr-2013::01:02:20 ===
Loading routes from "/Users/alan/src/bbserv/priv/bbserv.routes" ....

=INFO REPORT==== 4-Apr-2013::01:02:20 ===
Loading routes from "/Users/alan/src/bbserv/priv/bbserv.routes" ....

=INFO REPORT==== 4-Apr-2013::01:03:40 ===
Loading routes from "/Users/alan/src/bbserv/priv/bbserv.routes" ....

=INFO REPORT==== 4-Apr-2013::01:03:41 ===
GET /greeting/create [bbserv] 200 52ms

=INFO REPORT==== 4-Apr-2013::01:03:43 ===
Loading routes from "/Users/alan/src/bbserv/priv/bbserv.routes" ....

=INFO REPORT==== 4-Apr-2013::01:03:43 ===
Loading routes from "/Users/alan/src/bbserv/priv/bbserv.routes" ....

=INFO REPORT==== 4-Apr-2013::01:03:43 ===
POST /greeting/create [bbserv] 302 41ms

=INFO REPORT==== 4-Apr-2013::01:03:43 ===
Loading routes from "/Users/alan/src/bbserv/priv/bbserv.routes" ....

=INFO REPORT==== 4-Apr-2013::01:03:43 ===
GET /greeting/pull/1365048140777990 [bbserv] 200 42ms

=INFO REPORT==== 4-Apr-2013::01:03:43 ===
Loading routes from "/Users/alan/src/bbserv/priv/bbserv.routes" ....

=INFO REPORT==== 4-Apr-2013::01:03:43 ===
GET /greeting/list [bbserv] 200 54ms

=INFO REPORT==== 4-Apr-2013::01:03:45 ===
Loading routes from "/Users/alan/src/bbserv/priv/bbserv.routes" ....

=INFO REPORT==== 4-Apr-2013::01:03:45 ===
POST /greeting/goodbye [bbserv] 302 46ms

=INFO REPORT==== 4-Apr-2013::01:03:45 ===
Loading routes from "/Users/alan/src/bbserv/priv/bbserv.routes" ....

=INFO REPORT==== 4-Apr-2013::01:03:45 ===
Loading routes from "/Users/alan/src/bbserv/priv/bbserv.routes" ....

=INFO REPORT==== 4-Apr-2013::01:03:45 ===
GET /greeting/list [bbserv] 200 51ms

=INFO REPORT==== 4-Apr-2013::01:03:47 ===
Loading routes from "/Users/alan/src/bbserv/priv/bbserv.routes" ....

=INFO REPORT==== 4-Apr-2013::01:03:47 ===
POST /greeting/goodbye [bbserv] 302 39ms

=INFO REPORT==== 4-Apr-2013::01:03:47 ===
Loading routes from "/Users/alan/src/bbserv/priv/bbserv.routes" ....

=INFO REPORT==== 4-Apr-2013::01:03:47 ===
GET /greeting/list [bbserv] 200 42ms

=INFO REPORT==== 4-Apr-2013::01:03:48 ===
Loading routes from "/Users/alan/src/bbserv/priv/bbserv.routes" ....

=INFO REPORT==== 4-Apr-2013::01:03:48 ===
GET /greeting/create [bbserv] 200 46ms

=INFO REPORT==== 4-Apr-2013::01:03:51 ===
Loading routes from "/Users/alan/src/bbserv/priv/bbserv.routes" ....

=INFO REPORT==== 4-Apr-2013::01:03:51 ===
POST /greeting/create [bbserv] 302 43ms

=INFO REPORT==== 4-Apr-2013::01:03:51 ===
Loading routes from "/Users/alan/src/bbserv/priv/bbserv.routes" ....

=INFO REPORT==== 4-Apr-2013::01:03:51 ===
GET /greeting/list [bbserv] 200 46ms

=INFO REPORT==== 4-Apr-2013::01:03:54 ===
Loading routes from "/Users/alan/src/bbserv/priv/bbserv.routes" ....

=INFO REPORT==== 4-Apr-2013::01:03:55 ===
GET /greeting/create [bbserv] 200 46ms

=INFO REPORT==== 4-Apr-2013::01:03:57 ===
Loading routes from "/Users/alan/src/bbserv/priv/bbserv.routes" ....

=INFO REPORT==== 4-Apr-2013::01:03:57 ===
POST /greeting/create [bbserv] 302 44ms

=INFO REPORT==== 4-Apr-2013::01:03:57 ===
Loading routes from "/Users/alan/src/bbserv/priv/bbserv.routes" ....

=INFO REPORT==== 4-Apr-2013::01:03:57 ===
GET /greeting/list [bbserv] 200 48ms

=INFO REPORT==== 4-Apr-2013::01:03:59 ===
Loading routes from "/Users/alan/src/bbserv/priv/bbserv.routes" ....

=INFO REPORT==== 4-Apr-2013::01:03:59 ===
GET /greeting/create [bbserv] 200 46ms

=INFO REPORT==== 4-Apr-2013::01:04:03 ===
Loading routes from "/Users/alan/src/bbserv/priv/bbserv.routes" ....

=INFO REPORT==== 4-Apr-2013::01:04:03 ===
POST /greeting/create [bbserv] 302 41ms

=INFO REPORT==== 4-Apr-2013::01:04:03 ===
Loading routes from "/Users/alan/src/bbserv/priv/bbserv.routes" ....

=INFO REPORT==== 4-Apr-2013::01:04:04 ===
GET /greeting/list [bbserv] 200 46ms

=INFO REPORT==== 4-Apr-2013::01:04:07 ===
Loading routes from "/Users/alan/src/bbserv/priv/bbserv.routes" ....

=INFO REPORT==== 4-Apr-2013::01:04:07 ===
GET /greeting/live [bbserv] 200 60ms

=INFO REPORT==== 4-Apr-2013::01:04:07 ===
Loading routes from "/Users/alan/src/bbserv/priv/bbserv.routes" ....

=INFO REPORT==== 4-Apr-2013::01:04:07 ===
Loading routes from "/Users/alan/src/bbserv/priv/bbserv.routes" ....

=INFO REPORT==== 4-Apr-2013::01:04:13 ===
Loading routes from "/Users/alan/src/bbserv/priv/bbserv.routes" ....

=INFO REPORT==== 4-Apr-2013::01:04:13 ===
GET /greeting/delete_listener/1365048247061373 [bbserv] 200 6672ms

=INFO REPORT==== 4-Apr-2013::01:04:13 ===
POST /greeting/goodbye [bbserv] 302 45ms

=INFO REPORT==== 4-Apr-2013::01:04:13 ===
Loading routes from "/Users/alan/src/bbserv/priv/bbserv.routes" ....

=INFO REPORT==== 4-Apr-2013::01:04:13 ===
Loading routes from "/Users/alan/src/bbserv/priv/bbserv.routes" ....

=INFO REPORT==== 4-Apr-2013::01:04:13 ===
Loading routes from "/Users/alan/src/bbserv/priv/bbserv.routes" ....

=INFO REPORT==== 4-Apr-2013::01:04:13 ===
GET /greeting/list [bbserv] 200 65ms

=INFO REPORT==== 4-Apr-2013::01:04:17 ===
Loading routes from "/Users/alan/src/bbserv/priv/bbserv.routes" ....

=INFO REPORT==== 4-Apr-2013::01:04:18 ===
GET /greeting/live [bbserv] 200 51ms

=INFO REPORT==== 4-Apr-2013::01:04:18 ===
Loading routes from "/Users/alan/src/bbserv/priv/bbserv.routes" ....

=INFO REPORT==== 4-Apr-2013::01:04:18 ===
Loading routes from "/Users/alan/src/bbserv/priv/bbserv.routes" ....

=INFO REPORT==== 4-Apr-2013::01:04:20 ===
Loading routes from "/Users/alan/src/bbserv/priv/bbserv.routes" ....

=INFO REPORT==== 4-Apr-2013::01:04:20 ===
GET /greeting/delete_listener/1365048257998854 [bbserv] 200 2563ms

=INFO REPORT==== 4-Apr-2013::01:04:20 ===
POST /greeting/goodbye [bbserv] 302 44ms

=INFO REPORT==== 4-Apr-2013::01:04:20 ===
Loading routes from "/Users/alan/src/bbserv/priv/bbserv.routes" ....

=INFO REPORT==== 4-Apr-2013::01:04:20 ===
Loading routes from "/Users/alan/src/bbserv/priv/bbserv.routes" ....

=INFO REPORT==== 4-Apr-2013::01:04:20 ===
Loading routes from "/Users/alan/src/bbserv/priv/bbserv.routes" ....

=INFO REPORT==== 4-Apr-2013::01:04:20 ===
GET /greeting/list [bbserv] 200 67ms

=INFO REPORT==== 4-Apr-2013::01:05:13 ===
Loading routes from "/Users/alan/src/bbserv/priv/bbserv.routes" ....

=INFO REPORT==== 4-Apr-2013::01:05:13 ===
Loading routes from "/Users/alan/src/bbserv/priv/bbserv.routes" ....

=INFO REPORT==== 4-Apr-2013::01:05:13 ===
GET /greeting/create [bbserv] 200 58ms

=INFO REPORT==== 4-Apr-2013::01:05:17 ===
Loading routes from "/Users/alan/src/bbserv/priv/bbserv.routes" ....

=INFO REPORT==== 4-Apr-2013::01:05:17 ===
POST /greeting/create [bbserv] 302 43ms

=INFO REPORT==== 4-Apr-2013::01:05:17 ===
Loading routes from "/Users/alan/src/bbserv/priv/bbserv.routes" ....

=INFO REPORT==== 4-Apr-2013::01:05:17 ===
GET /greeting/list [bbserv] 200 49ms

=INFO REPORT==== 4-Apr-2013::01:05:20 ===
Loading routes from "/Users/alan/src/bbserv/priv/bbserv.routes" ....

=INFO REPORT==== 4-Apr-2013::01:05:20 ===
GET /greeting/live [bbserv] 200 48ms

=INFO REPORT==== 4-Apr-2013::01:05:20 ===
Loading routes from "/Users/alan/src/bbserv/priv/bbserv.routes" ....

=INFO REPORT==== 4-Apr-2013::01:05:20 ===
Loading routes from "/Users/alan/src/bbserv/priv/bbserv.routes" ....

=INFO REPORT==== 4-Apr-2013::01:05:23 ===
Loading routes from "/Users/alan/src/bbserv/priv/bbserv.routes" ....

=INFO REPORT==== 4-Apr-2013::01:05:23 ===
GET /greeting/create [bbserv] 200 47ms

=INFO REPORT==== 4-Apr-2013::01:05:26 ===
Loading routes from "/Users/alan/src/bbserv/priv/bbserv.routes" ....

=INFO REPORT==== 4-Apr-2013::01:05:26 ===
Loading routes from "/Users/alan/src/bbserv/priv/bbserv.routes" ....

=INFO REPORT==== 4-Apr-2013::01:05:26 ===
POST /greeting/create [bbserv] 302 41ms

=INFO REPORT==== 4-Apr-2013::01:05:26 ===
Loading routes from "/Users/alan/src/bbserv/priv/bbserv.routes" ....

=INFO REPORT==== 4-Apr-2013::01:05:26 ===
GET /greeting/pull/1365048320684169 [bbserv] 200 45ms

=INFO REPORT==== 4-Apr-2013::01:05:26 ===
Loading routes from "/Users/alan/src/bbserv/priv/bbserv.routes" ....

=INFO REPORT==== 4-Apr-2013::01:05:26 ===
GET /greeting/list [bbserv] 200 54ms

=INFO REPORT==== 4-Apr-2013::01:05:29 ===
Loading routes from "/Users/alan/src/bbserv/priv/bbserv.routes" ....

=INFO REPORT==== 4-Apr-2013::01:05:29 ===
POST /greeting/goodbye [bbserv] 302 45ms

=INFO REPORT==== 4-Apr-2013::01:05:29 ===
Loading routes from "/Users/alan/src/bbserv/priv/bbserv.routes" ....

=INFO REPORT==== 4-Apr-2013::01:05:29 ===
Loading routes from "/Users/alan/src/bbserv/priv/bbserv.routes" ....

=INFO REPORT==== 4-Apr-2013::01:05:29 ===
GET /greeting/list [bbserv] 200 54ms

=INFO REPORT==== 4-Apr-2013::01:05:33 ===
Loading routes from "/Users/alan/src/bbserv/priv/bbserv.routes" ....

=INFO REPORT==== 4-Apr-2013::01:05:33 ===
POST /greeting/goodbye [bbserv] 302 43ms

=INFO REPORT==== 4-Apr-2013::01:05:33 ===
Loading routes from "/Users/alan/src/bbserv/priv/bbserv.routes" ....

=INFO REPORT==== 4-Apr-2013::01:05:33 ===
GET /greeting/list [bbserv] 200 48ms

=INFO REPORT==== 4-Apr-2013::01:05:39 ===
Loading routes from "/Users/alan/src/bbserv/priv/bbserv.routes" ....

=INFO REPORT==== 4-Apr-2013::01:05:39 ===
GET /greeting/create [bbserv] 200 45ms

=INFO REPORT==== 4-Apr-2013::01:05:42 ===
Loading routes from "/Users/alan/src/bbserv/priv/bbserv.routes" ....

=INFO REPORT==== 4-Apr-2013::01:05:42 ===
POST /greeting/create [bbserv] 302 39ms

=INFO REPORT==== 4-Apr-2013::01:05:42 ===
Loading routes from "/Users/alan/src/bbserv/priv/bbserv.routes" ....

=INFO REPORT==== 4-Apr-2013::01:05:43 ===
GET /greeting/list [bbserv] 200 48ms

=INFO REPORT==== 4-Apr-2013::01:05:45 ===
Loading routes from "/Users/alan/src/bbserv/priv/bbserv.routes" ....

=INFO REPORT==== 4-Apr-2013::01:05:45 ===
GET /greeting/live [bbserv] 200 50ms

=INFO REPORT==== 4-Apr-2013::01:05:45 ===
Loading routes from "/Users/alan/src/bbserv/priv/bbserv.routes" ....

=INFO REPORT==== 4-Apr-2013::01:05:45 ===
Loading routes from "/Users/alan/src/bbserv/priv/bbserv.routes" ....

=INFO REPORT==== 4-Apr-2013::01:12:50 ===
Loading routes from "/Users/alan/src/bbserv/priv/bbserv.routes" ....

=INFO REPORT==== 4-Apr-2013::01:12:50 ===
Loading routes from "/Users/alan/src/bbserv/priv/bbserv.routes" ....

=INFO REPORT==== 4-Apr-2013::01:14:16 ===
Loading routes from "/Users/alan/src/bbserv/priv/bbserv.routes" ....

=INFO REPORT==== 4-Apr-2013::01:14:16 ===
GET /greeting/create [bbserv] 200 52ms

=INFO REPORT==== 4-Apr-2013::01:14:19 ===
Loading routes from "/Users/alan/src/bbserv/priv/bbserv.routes" ....

=INFO REPORT==== 4-Apr-2013::01:14:20 ===
POST /greeting/create [bbserv] 302 42ms

=INFO REPORT==== 4-Apr-2013::01:14:20 ===
Loading routes from "/Users/alan/src/bbserv/priv/bbserv.routes" ....

=INFO REPORT==== 4-Apr-2013::01:14:20 ===
GET /greeting/list [bbserv] 200 50ms

=INFO REPORT==== 4-Apr-2013::01:15:23 ===
Loading routes from "/Users/alan/src/bbserv/priv/bbserv.routes" ....

=INFO REPORT==== 4-Apr-2013::01:15:24 ===
GET /greeting/live [bbserv] 200 48ms

=INFO REPORT==== 4-Apr-2013::01:15:24 ===
Loading routes from "/Users/alan/src/bbserv/priv/bbserv.routes" ....

=INFO REPORT==== 4-Apr-2013::01:15:24 ===
Loading routes from "/Users/alan/src/bbserv/priv/bbserv.routes" ....

=INFO REPORT==== 4-Apr-2013::01:23:28 ===
Loading routes from "/Users/alan/src/bbserv/priv/bbserv.routes" ....

=INFO REPORT==== 4-Apr-2013::01:23:28 ===
GET /greeting/live [bbserv] 200 49ms

=INFO REPORT==== 4-Apr-2013::01:23:29 ===
Loading routes from "/Users/alan/src/bbserv/priv/bbserv.routes" ....

=INFO REPORT==== 4-Apr-2013::01:23:29 ===
Loading routes from "/Users/alan/src/bbserv/priv/bbserv.routes" ....

=INFO REPORT==== 4-Apr-2013::01:58:40 ===
Loading routes from "/Users/alan/src/bbserv/priv/bbserv.routes" ....

=INFO REPORT==== 4-Apr-2013::01:58:40 ===
GET /greeting/list [bbserv] 200 52ms

=INFO REPORT==== 4-Apr-2013::02:04:52 ===
Loading routes from "/Users/alan/src/bbserv/priv/bbserv.routes" ....

=INFO REPORT==== 4-Apr-2013::02:04:52 ===
GET /greeting/live [bbserv] 200 68ms

=INFO REPORT==== 4-Apr-2013::02:04:53 ===
Loading routes from "/Users/alan/src/bbserv/priv/bbserv.routes" ....

=INFO REPORT==== 4-Apr-2013::02:04:53 ===
Loading routes from "/Users/alan/src/bbserv/priv/bbserv.routes" ....

=INFO REPORT==== 4-Apr-2013::02:05:09 ===
Loading routes from "/Users/alan/src/bbserv/priv/bbserv.routes" ....

=INFO REPORT==== 4-Apr-2013::02:05:09 ===
GET /greeting/live [bbserv] 200 51ms

=INFO REPORT==== 4-Apr-2013::02:05:10 ===
Loading routes from "/Users/alan/src/bbserv/priv/bbserv.routes" ....

=INFO REPORT==== 4-Apr-2013::02:05:10 ===
Loading routes from "/Users/alan/src/bbserv/priv/bbserv.routes" ....

=INFO REPORT==== 4-Apr-2013::02:06:35 ===
Loading routes from "/Users/alan/src/bbserv/priv/bbserv.routes" ....

=INFO REPORT==== 4-Apr-2013::02:06:35 ===
GET /greeting/live [bbserv] 200 65ms

=INFO REPORT==== 4-Apr-2013::02:06:35 ===
Loading routes from "/Users/alan/src/bbserv/priv/bbserv.routes" ....

=INFO REPORT==== 4-Apr-2013::02:06:35 ===
Loading routes from "/Users/alan/src/bbserv/priv/bbserv.routes" ....

=INFO REPORT==== 4-Apr-2013::11:34:35 ===
Loading routes from "/Users/alan/src/bbserv/priv/bbserv.routes" ....

=INFO REPORT==== 4-Apr-2013::11:34:35 ===
GET /greeting/live [bbserv] 200 213ms

=INFO REPORT==== 4-Apr-2013::11:34:35 ===
Loading routes from "/Users/alan/src/bbserv/priv/bbserv.routes" ....

=INFO REPORT==== 4-Apr-2013::11:34:35 ===
Loading routes from "/Users/alan/src/bbserv/priv/bbserv.routes" ....

=INFO REPORT==== 4-Apr-2013::11:34:44 ===
Loading routes from "/Users/alan/src/bbserv/priv/bbserv.routes" ....

=INFO REPORT==== 4-Apr-2013::11:34:44 ===
POST /greeting/goodbye [bbserv] 302 49ms

=INFO REPORT==== 4-Apr-2013::11:34:44 ===
GET /greeting/delete_listener/1365086075742509 [bbserv] 200 8468ms

=INFO REPORT==== 4-Apr-2013::11:34:44 ===
Loading routes from "/Users/alan/src/bbserv/priv/bbserv.routes" ....

=INFO REPORT==== 4-Apr-2013::11:34:44 ===
Loading routes from "/Users/alan/src/bbserv/priv/bbserv.routes" ....

=INFO REPORT==== 4-Apr-2013::11:34:44 ===
Loading routes from "/Users/alan/src/bbserv/priv/bbserv.routes" ....

=INFO REPORT==== 4-Apr-2013::11:34:44 ===
GET /greeting/list [bbserv] 200 72ms

=INFO REPORT==== 4-Apr-2013::11:36:33 ===
Loading routes from "/Users/alan/src/bbserv/priv/bbserv.routes" ....

=INFO REPORT==== 4-Apr-2013::11:36:33 ===
GET /greeting/live [bbserv] 200 75ms

=INFO REPORT==== 4-Apr-2013::11:36:34 ===
Loading routes from "/Users/alan/src/bbserv/priv/bbserv.routes" ....

=INFO REPORT==== 4-Apr-2013::11:36:34 ===
Loading routes from "/Users/alan/src/bbserv/priv/bbserv.routes" ....

=INFO REPORT==== 4-Apr-2013::11:36:39 ===
Loading routes from "/Users/alan/src/bbserv/priv/bbserv.routes" ....

=INFO REPORT==== 4-Apr-2013::11:36:39 ===
GET /greeting/delete_listener/1365086193911285 [bbserv] 200 5450ms

=INFO REPORT==== 4-Apr-2013::11:36:39 ===
POST /greeting/goodbye [bbserv] 302 45ms

=INFO REPORT==== 4-Apr-2013::11:36:39 ===
Loading routes from "/Users/alan/src/bbserv/priv/bbserv.routes" ....

=INFO REPORT==== 4-Apr-2013::11:36:39 ===
Loading routes from "/Users/alan/src/bbserv/priv/bbserv.routes" ....

=INFO REPORT==== 4-Apr-2013::11:36:39 ===
Loading routes from "/Users/alan/src/bbserv/priv/bbserv.routes" ....

=INFO REPORT==== 4-Apr-2013::11:36:39 ===
GET /greeting/list [bbserv] 200 67ms

=INFO REPORT==== 4-Apr-2013::11:37:54 ===
Loading routes from "/Users/alan/src/bbserv/priv/bbserv.routes" ....

=INFO REPORT==== 4-Apr-2013::11:37:54 ===
GET /greeting/live [bbserv] 200 65ms

=INFO REPORT==== 4-Apr-2013::11:37:54 ===
Loading routes from "/Users/alan/src/bbserv/priv/bbserv.routes" ....

=INFO REPORT==== 4-Apr-2013::11:37:54 ===
Loading routes from "/Users/alan/src/bbserv/priv/bbserv.routes" ....

=INFO REPORT==== 4-Apr-2013::11:37:57 ===
Loading routes from "/Users/alan/src/bbserv/priv/bbserv.routes" ....

=INFO REPORT==== 4-Apr-2013::11:37:57 ===
GET /greeting/create [bbserv] 200 53ms

=INFO REPORT==== 4-Apr-2013::11:38:00 ===
Loading routes from "/Users/alan/src/bbserv/priv/bbserv.routes" ....

=INFO REPORT==== 4-Apr-2013::11:38:00 ===
Loading routes from "/Users/alan/src/bbserv/priv/bbserv.routes" ....

=INFO REPORT==== 4-Apr-2013::11:38:00 ===
POST /greeting/create [bbserv] 302 48ms

=INFO REPORT==== 4-Apr-2013::11:38:00 ===
Loading routes from "/Users/alan/src/bbserv/priv/bbserv.routes" ....

=INFO REPORT==== 4-Apr-2013::11:38:00 ===
GET /greeting/pull/1365086274414981 [bbserv] 200 53ms

=INFO REPORT==== 4-Apr-2013::11:38:00 ===
Loading routes from "/Users/alan/src/bbserv/priv/bbserv.routes" ....

=INFO REPORT==== 4-Apr-2013::11:38:00 ===
GET /greeting/list [bbserv] 200 64ms

=INFO REPORT==== 4-Apr-2013::11:38:01 ===
Loading routes from "/Users/alan/src/bbserv/priv/bbserv.routes" ....

=INFO REPORT==== 4-Apr-2013::11:38:01 ===
GET /greeting/create [bbserv] 200 52ms

=INFO REPORT==== 4-Apr-2013::11:38:04 ===
Loading routes from "/Users/alan/src/bbserv/priv/bbserv.routes" ....

=INFO REPORT==== 4-Apr-2013::11:38:04 ===
Loading routes from "/Users/alan/src/bbserv/priv/bbserv.routes" ....

=INFO REPORT==== 4-Apr-2013::11:38:04 ===
POST /greeting/create [bbserv] 302 48ms

=INFO REPORT==== 4-Apr-2013::11:38:04 ===
Loading routes from "/Users/alan/src/bbserv/priv/bbserv.routes" ....

=INFO REPORT==== 4-Apr-2013::11:38:04 ===
GET /greeting/pull/1365086280143620 [bbserv] 200 49ms

=INFO REPORT==== 4-Apr-2013::11:38:04 ===
Loading routes from "/Users/alan/src/bbserv/priv/bbserv.routes" ....

=INFO REPORT==== 4-Apr-2013::11:38:04 ===
GET /greeting/list [bbserv] 200 60ms

=INFO REPORT==== 4-Apr-2013::11:38:08 ===
Loading routes from "/Users/alan/src/bbserv/priv/bbserv.routes" ....

=INFO REPORT==== 4-Apr-2013::11:38:08 ===
POST /greeting/goodbye [bbserv] 302 44ms

=INFO REPORT==== 4-Apr-2013::11:38:08 ===
Loading routes from "/Users/alan/src/bbserv/priv/bbserv.routes" ....

=INFO REPORT==== 4-Apr-2013::11:38:08 ===
Loading routes from "/Users/alan/src/bbserv/priv/bbserv.routes" ....

=INFO REPORT==== 4-Apr-2013::11:38:08 ===
GET /greeting/list [bbserv] 200 57ms

=INFO REPORT==== 4-Apr-2013::11:39:18 ===
Loading routes from "/Users/alan/src/bbserv/priv/bbserv.routes" ....

=INFO REPORT==== 4-Apr-2013::11:39:18 ===
GET /greeting/live [bbserv] 200 50ms

=INFO REPORT==== 4-Apr-2013::11:39:18 ===
Loading routes from "/Users/alan/src/bbserv/priv/bbserv.routes" ....

=INFO REPORT==== 4-Apr-2013::11:39:18 ===
Loading routes from "/Users/alan/src/bbserv/priv/bbserv.routes" ....

=INFO REPORT==== 4-Apr-2013::11:39:23 ===
Loading routes from "/Users/alan/src/bbserv/priv/bbserv.routes" ....

=INFO REPORT==== 4-Apr-2013::11:39:23 ===
GET /greeting/delete_listener/1365086358537261 [bbserv] 200 4608ms

=INFO REPORT==== 4-Apr-2013::11:39:23 ===
POST /greeting/goodbye [bbserv] 302 43ms

=INFO REPORT==== 4-Apr-2013::11:39:23 ===
Loading routes from "/Users/alan/src/bbserv/priv/bbserv.routes" ....

=INFO REPORT==== 4-Apr-2013::11:39:23 ===
Loading routes from "/Users/alan/src/bbserv/priv/bbserv.routes" ....

=INFO REPORT==== 4-Apr-2013::11:39:23 ===
Loading routes from "/Users/alan/src/bbserv/priv/bbserv.routes" ....

=INFO REPORT==== 4-Apr-2013::11:39:23 ===
GET /greeting/list [bbserv] 200 64ms

=INFO REPORT==== 4-Apr-2013::11:39:28 ===
Loading routes from "/Users/alan/src/bbserv/priv/bbserv.routes" ....

=INFO REPORT==== 4-Apr-2013::11:39:28 ===
Loading routes from "/Users/alan/src/bbserv/priv/bbserv.routes" ....

=INFO REPORT==== 4-Apr-2013::11:39:28 ===
GET /greeting/create [bbserv] 200 58ms

=INFO REPORT==== 4-Apr-2013::11:39:31 ===
Loading routes from "/Users/alan/src/bbserv/priv/bbserv.routes" ....

=INFO REPORT==== 4-Apr-2013::11:39:31 ===
POST /greeting/create [bbserv] 302 44ms

=INFO REPORT==== 4-Apr-2013::11:39:31 ===
Loading routes from "/Users/alan/src/bbserv/priv/bbserv.routes" ....

=INFO REPORT==== 4-Apr-2013::11:39:31 ===
GET /greeting/list [bbserv] 200 49ms

=INFO REPORT==== 4-Apr-2013::11:39:32 ===
Loading routes from "/Users/alan/src/bbserv/priv/bbserv.routes" ....

=INFO REPORT==== 4-Apr-2013::11:39:32 ===
GET /greeting/create [bbserv] 200 52ms

=INFO REPORT==== 4-Apr-2013::11:39:35 ===
Loading routes from "/Users/alan/src/bbserv/priv/bbserv.routes" ....

=INFO REPORT==== 4-Apr-2013::11:39:35 ===
POST /greeting/create [bbserv] 302 46ms

=INFO REPORT==== 4-Apr-2013::11:39:35 ===
Loading routes from "/Users/alan/src/bbserv/priv/bbserv.routes" ....

=INFO REPORT==== 4-Apr-2013::11:39:35 ===
GET /greeting/list [bbserv] 200 50ms

=INFO REPORT==== 4-Apr-2013::11:39:37 ===
Loading routes from "/Users/alan/src/bbserv/priv/bbserv.routes" ....

=INFO REPORT==== 4-Apr-2013::11:39:37 ===
GET /greeting/live [bbserv] 200 57ms

=INFO REPORT==== 4-Apr-2013::11:39:37 ===
Loading routes from "/Users/alan/src/bbserv/priv/bbserv.routes" ....

=INFO REPORT==== 4-Apr-2013::11:39:37 ===
Loading routes from "/Users/alan/src/bbserv/priv/bbserv.routes" ....

=INFO REPORT==== 4-Apr-2013::11:40:03 ===
Loading routes from "/Users/alan/src/bbserv/priv/bbserv.routes" ....

=INFO REPORT==== 4-Apr-2013::11:40:03 ===
GET /greeting/live [bbserv] 200 68ms

=INFO REPORT==== 4-Apr-2013::11:40:03 ===
Loading routes from "/Users/alan/src/bbserv/priv/bbserv.routes" ....

=INFO REPORT==== 4-Apr-2013::11:40:03 ===
Loading routes from "/Users/alan/src/bbserv/priv/bbserv.routes" ....

=INFO REPORT==== 4-Apr-2013::11:40:15 ===
Loading routes from "/Users/alan/src/bbserv/priv/bbserv.routes" ....

=INFO REPORT==== 4-Apr-2013::11:40:15 ===
GET /greeting/delete_listener/1365086403540591 [bbserv] 200 11945ms

=INFO REPORT==== 4-Apr-2013::11:40:15 ===
POST /greeting/goodbye [bbserv] 302 46ms

=INFO REPORT==== 4-Apr-2013::11:40:15 ===
Loading routes from "/Users/alan/src/bbserv/priv/bbserv.routes" ....

=INFO REPORT==== 4-Apr-2013::11:40:15 ===
Loading routes from "/Users/alan/src/bbserv/priv/bbserv.routes" ....

=INFO REPORT==== 4-Apr-2013::11:40:15 ===
Loading routes from "/Users/alan/src/bbserv/priv/bbserv.routes" ....

=INFO REPORT==== 4-Apr-2013::11:40:15 ===
GET /greeting/list [bbserv] 200 65ms

=INFO REPORT==== 4-Apr-2013::11:40:19 ===
Loading routes from "/Users/alan/src/bbserv/priv/bbserv.routes" ....

=INFO REPORT==== 4-Apr-2013::11:40:19 ===
GET /greeting/live [bbserv] 200 53ms

=INFO REPORT==== 4-Apr-2013::11:40:19 ===
Loading routes from "/Users/alan/src/bbserv/priv/bbserv.routes" ....

=INFO REPORT==== 4-Apr-2013::11:40:19 ===
Loading routes from "/Users/alan/src/bbserv/priv/bbserv.routes" ....

=INFO REPORT==== 4-Apr-2013::11:40:24 ===
Loading routes from "/Users/alan/src/bbserv/priv/bbserv.routes" ....

=INFO REPORT==== 4-Apr-2013::11:40:24 ===
POST /greeting/goodbye [bbserv] 302 46ms

=INFO REPORT==== 4-Apr-2013::11:40:24 ===
GET /greeting/delete_listener/1365086419555312 [bbserv] 200 4514ms

=INFO REPORT==== 4-Apr-2013::11:40:24 ===
Loading routes from "/Users/alan/src/bbserv/priv/bbserv.routes" ....

=INFO REPORT==== 4-Apr-2013::11:40:24 ===
Loading routes from "/Users/alan/src/bbserv/priv/bbserv.routes" ....

=INFO REPORT==== 4-Apr-2013::11:40:24 ===
Loading routes from "/Users/alan/src/bbserv/priv/bbserv.routes" ....

=INFO REPORT==== 4-Apr-2013::11:40:24 ===
GET /greeting/list [bbserv] 200 64ms

=INFO REPORT==== 4-Apr-2013::11:41:22 ===
Loading routes from "/Users/alan/src/bbserv/priv/bbserv.routes" ....

=INFO REPORT==== 4-Apr-2013::11:41:22 ===
Loading routes from "/Users/alan/src/bbserv/priv/bbserv.routes" ....

=INFO REPORT==== 4-Apr-2013::11:41:22 ===
GET /greeting/create [bbserv] 200 54ms

=INFO REPORT==== 4-Apr-2013::11:41:27 ===
Loading routes from "/Users/alan/src/bbserv/priv/bbserv.routes" ....

=INFO REPORT==== 4-Apr-2013::11:41:27 ===
POST /greeting/create [bbserv] 302 43ms

=INFO REPORT==== 4-Apr-2013::11:41:27 ===
Loading routes from "/Users/alan/src/bbserv/priv/bbserv.routes" ....

=INFO REPORT==== 4-Apr-2013::11:41:27 ===
GET /greeting/list [bbserv] 200 52ms

=INFO REPORT==== 4-Apr-2013::11:41:28 ===
Loading routes from "/Users/alan/src/bbserv/priv/bbserv.routes" ....

=INFO REPORT==== 4-Apr-2013::11:41:28 ===
GET /greeting/create [bbserv] 200 46ms

=INFO REPORT==== 4-Apr-2013::11:41:31 ===
Loading routes from "/Users/alan/src/bbserv/priv/bbserv.routes" ....

=INFO REPORT==== 4-Apr-2013::11:41:31 ===
POST /greeting/create [bbserv] 302 42ms

=INFO REPORT==== 4-Apr-2013::11:41:31 ===
Loading routes from "/Users/alan/src/bbserv/priv/bbserv.routes" ....

=INFO REPORT==== 4-Apr-2013::11:41:31 ===
GET /greeting/list [bbserv] 200 47ms

=INFO REPORT==== 4-Apr-2013::11:41:34 ===
Loading routes from "/Users/alan/src/bbserv/priv/bbserv.routes" ....

=INFO REPORT==== 4-Apr-2013::11:41:34 ===
GET /greeting/live [bbserv] 200 69ms

=INFO REPORT==== 4-Apr-2013::11:41:34 ===
Loading routes from "/Users/alan/src/bbserv/priv/bbserv.routes" ....

=INFO REPORT==== 4-Apr-2013::11:41:34 ===
Loading routes from "/Users/alan/src/bbserv/priv/bbserv.routes" ....

=INFO REPORT==== 4-Apr-2013::11:41:38 ===
Loading routes from "/Users/alan/src/bbserv/priv/bbserv.routes" ....

=INFO REPORT==== 4-Apr-2013::11:41:38 ===
GET /greeting/delete_listener/1365086494046567 [bbserv] 200 4335ms

=INFO REPORT==== 4-Apr-2013::11:41:38 ===
POST /greeting/goodbye [bbserv] 302 43ms

=INFO REPORT==== 4-Apr-2013::11:41:38 ===
Loading routes from "/Users/alan/src/bbserv/priv/bbserv.routes" ....

=INFO REPORT==== 4-Apr-2013::11:41:38 ===
Loading routes from "/Users/alan/src/bbserv/priv/bbserv.routes" ....

=INFO REPORT==== 4-Apr-2013::11:41:38 ===
Loading routes from "/Users/alan/src/bbserv/priv/bbserv.routes" ....

=INFO REPORT==== 4-Apr-2013::11:41:38 ===
GET /greeting/list [bbserv] 200 66ms

=INFO REPORT==== 4-Apr-2013::11:41:48 ===
Loading routes from "/Users/alan/src/bbserv/priv/bbserv.routes" ....

=INFO REPORT==== 4-Apr-2013::11:41:48 ===
GET /greeting/live [bbserv] 200 54ms

=INFO REPORT==== 4-Apr-2013::11:41:48 ===
Loading routes from "/Users/alan/src/bbserv/priv/bbserv.routes" ....

=INFO REPORT==== 4-Apr-2013::11:41:48 ===
Loading routes from "/Users/alan/src/bbserv/priv/bbserv.routes" ....

=INFO REPORT==== 4-Apr-2013::11:41:52 ===
Loading routes from "/Users/alan/src/bbserv/priv/bbserv.routes" ....

=INFO REPORT==== 4-Apr-2013::11:41:52 ===
GET /greeting/list [bbserv] 200 51ms

=INFO REPORT==== 4-Apr-2013::11:41:56 ===
Loading routes from "/Users/alan/src/bbserv/priv/bbserv.routes" ....

=INFO REPORT==== 4-Apr-2013::11:41:56 ===
Loading routes from "/Users/alan/src/bbserv/priv/bbserv.routes" ....

=INFO REPORT==== 4-Apr-2013::11:41:56 ===
POST /greeting/goodbye [bbserv] 302 48ms

=INFO REPORT==== 4-Apr-2013::11:41:56 ===
Loading routes from "/Users/alan/src/bbserv/priv/bbserv.routes" ....

=INFO REPORT==== 4-Apr-2013::11:41:56 ===
GET /greeting/list [bbserv] 200 62ms

=INFO REPORT==== 4-Apr-2013::11:42:19 ===
Loading routes from "/Users/alan/src/bbserv/priv/bbserv.routes" ....

=INFO REPORT==== 4-Apr-2013::11:42:19 ===
GET /greeting/live [bbserv] 200 67ms

=INFO REPORT==== 4-Apr-2013::11:42:19 ===
Loading routes from "/Users/alan/src/bbserv/priv/bbserv.routes" ....

=INFO REPORT==== 4-Apr-2013::11:42:19 ===
Loading routes from "/Users/alan/src/bbserv/priv/bbserv.routes" ....

=INFO REPORT==== 4-Apr-2013::11:42:21 ===
Loading routes from "/Users/alan/src/bbserv/priv/bbserv.routes" ....

=INFO REPORT==== 4-Apr-2013::11:42:21 ===
GET /greeting/delete_listener/1365086539349461 [bbserv] 200 2050ms

=INFO REPORT==== 4-Apr-2013::11:42:21 ===
POST /greeting/goodbye [bbserv] 302 47ms

=INFO REPORT==== 4-Apr-2013::11:42:21 ===
Loading routes from "/Users/alan/src/bbserv/priv/bbserv.routes" ....

=INFO REPORT==== 4-Apr-2013::11:42:21 ===
Loading routes from "/Users/alan/src/bbserv/priv/bbserv.routes" ....

=INFO REPORT==== 4-Apr-2013::11:42:21 ===
Loading routes from "/Users/alan/src/bbserv/priv/bbserv.routes" ....

=INFO REPORT==== 4-Apr-2013::11:42:21 ===
GET /greeting/list [bbserv] 200 72ms

=INFO REPORT==== 4-Apr-2013::11:42:38 ===
Loading routes from "/Users/alan/src/bbserv/priv/bbserv.routes" ....

=INFO REPORT==== 4-Apr-2013::11:42:38 ===
Loading routes from "/Users/alan/src/bbserv/priv/bbserv.routes" ....

=INFO REPORT==== 4-Apr-2013::11:42:38 ===
GET /greeting/create [bbserv] 200 59ms

=INFO REPORT==== 4-Apr-2013::11:42:40 ===
Loading routes from "/Users/alan/src/bbserv/priv/bbserv.routes" ....

=INFO REPORT==== 4-Apr-2013::11:42:41 ===
POST /greeting/create [bbserv] 302 44ms

=INFO REPORT==== 4-Apr-2013::11:42:41 ===
Loading routes from "/Users/alan/src/bbserv/priv/bbserv.routes" ....

=INFO REPORT==== 4-Apr-2013::11:42:41 ===
GET /greeting/list [bbserv] 200 55ms

=INFO REPORT==== 4-Apr-2013::11:42:42 ===
Loading routes from "/Users/alan/src/bbserv/priv/bbserv.routes" ....

=INFO REPORT==== 4-Apr-2013::11:42:42 ===
GET /greeting/create [bbserv] 200 50ms

=INFO REPORT==== 4-Apr-2013::11:42:45 ===
Loading routes from "/Users/alan/src/bbserv/priv/bbserv.routes" ....

=INFO REPORT==== 4-Apr-2013::11:42:45 ===
POST /greeting/create [bbserv] 302 43ms

=INFO REPORT==== 4-Apr-2013::11:42:45 ===
Loading routes from "/Users/alan/src/bbserv/priv/bbserv.routes" ....

=INFO REPORT==== 4-Apr-2013::11:42:45 ===
GET /greeting/list [bbserv] 200 51ms

=INFO REPORT==== 4-Apr-2013::11:42:47 ===
Loading routes from "/Users/alan/src/bbserv/priv/bbserv.routes" ....

=INFO REPORT==== 4-Apr-2013::11:42:47 ===
GET /greeting/live [bbserv] 200 50ms

=INFO REPORT==== 4-Apr-2013::11:42:47 ===
Loading routes from "/Users/alan/src/bbserv/priv/bbserv.routes" ....

=INFO REPORT==== 4-Apr-2013::11:42:47 ===
Loading routes from "/Users/alan/src/bbserv/priv/bbserv.routes" ....

=INFO REPORT==== 4-Apr-2013::11:42:49 ===
Loading routes from "/Users/alan/src/bbserv/priv/bbserv.routes" ....

=INFO REPORT==== 4-Apr-2013::11:42:49 ===
GET /greeting/create [bbserv] 200 51ms

=INFO REPORT==== 4-Apr-2013::11:42:51 ===
Loading routes from "/Users/alan/src/bbserv/priv/bbserv.routes" ....

=INFO REPORT==== 4-Apr-2013::11:42:52 ===
Loading routes from "/Users/alan/src/bbserv/priv/bbserv.routes" ....

=INFO REPORT==== 4-Apr-2013::11:42:52 ===
POST /greeting/create [bbserv] 302 48ms

=INFO REPORT==== 4-Apr-2013::11:42:52 ===
Loading routes from "/Users/alan/src/bbserv/priv/bbserv.routes" ....

=INFO REPORT==== 4-Apr-2013::11:42:52 ===
GET /greeting/pull/1365086567628409 [bbserv] 200 48ms

=INFO REPORT==== 4-Apr-2013::11:42:52 ===
Loading routes from "/Users/alan/src/bbserv/priv/bbserv.routes" ....

=INFO REPORT==== 4-Apr-2013::11:42:52 ===
GET /greeting/list [bbserv] 200 59ms

=INFO REPORT==== 4-Apr-2013::11:42:54 ===
Loading routes from "/Users/alan/src/bbserv/priv/bbserv.routes" ....

=INFO REPORT==== 4-Apr-2013::11:42:54 ===
GET /greeting/live [bbserv] 200 52ms

=INFO REPORT==== 4-Apr-2013::11:42:54 ===
Loading routes from "/Users/alan/src/bbserv/priv/bbserv.routes" ....

=INFO REPORT==== 4-Apr-2013::11:42:54 ===
Loading routes from "/Users/alan/src/bbserv/priv/bbserv.routes" ....

=INFO REPORT==== 4-Apr-2013::11:42:56 ===
Loading routes from "/Users/alan/src/bbserv/priv/bbserv.routes" ....

=INFO REPORT==== 4-Apr-2013::11:42:56 ===
GET /greeting/delete_listener/1365086574642723 [bbserv] 200 1952ms

=INFO REPORT==== 4-Apr-2013::11:42:56 ===
POST /greeting/goodbye [bbserv] 302 46ms

=INFO REPORT==== 4-Apr-2013::11:42:56 ===
Loading routes from "/Users/alan/src/bbserv/priv/bbserv.routes" ....

=INFO REPORT==== 4-Apr-2013::11:42:56 ===
Loading routes from "/Users/alan/src/bbserv/priv/bbserv.routes" ....

=INFO REPORT==== 4-Apr-2013::11:42:56 ===
Loading routes from "/Users/alan/src/bbserv/priv/bbserv.routes" ....

=INFO REPORT==== 4-Apr-2013::11:42:56 ===
GET /greeting/list [bbserv] 200 67ms

=INFO REPORT==== 4-Apr-2013::11:42:59 ===
Loading routes from "/Users/alan/src/bbserv/priv/bbserv.routes" ....

=INFO REPORT==== 4-Apr-2013::11:42:59 ===
Loading routes from "/Users/alan/src/bbserv/priv/bbserv.routes" ....

=INFO REPORT==== 4-Apr-2013::11:42:59 ===
POST /greeting/goodbye [bbserv] 302 46ms

=INFO REPORT==== 4-Apr-2013::11:42:59 ===
Loading routes from "/Users/alan/src/bbserv/priv/bbserv.routes" ....

=INFO REPORT==== 4-Apr-2013::11:42:59 ===
GET /greeting/delete_listener/1365086576703129 [bbserv] 200 52ms

=INFO REPORT==== 4-Apr-2013::11:42:59 ===
Loading routes from "/Users/alan/src/bbserv/priv/bbserv.routes" ....

=INFO REPORT==== 4-Apr-2013::11:42:59 ===
GET /greeting/list [bbserv] 200 64ms

=INFO REPORT==== 4-Apr-2013::11:43:01 ===
Loading routes from "/Users/alan/src/bbserv/priv/bbserv.routes" ....

=INFO REPORT==== 4-Apr-2013::11:43:01 ===
POST /greeting/goodbye [bbserv] 302 44ms

=INFO REPORT==== 4-Apr-2013::11:43:01 ===
GET /greeting/delete_listener/1365086579424505 [bbserv] 200 2312ms

=INFO REPORT==== 4-Apr-2013::11:43:01 ===
Loading routes from "/Users/alan/src/bbserv/priv/bbserv.routes" ....

=INFO REPORT==== 4-Apr-2013::11:43:01 ===
Loading routes from "/Users/alan/src/bbserv/priv/bbserv.routes" ....

=INFO REPORT==== 4-Apr-2013::11:43:01 ===
GET /greeting/list [bbserv] 200 64ms

=INFO REPORT==== 4-Apr-2013::13:22:00 ===
Loading routes from "/Users/alan/src/bbserv/priv/bbserv.routes" ....

=INFO REPORT==== 4-Apr-2013::13:22:00 ===
GET /greeting/list [bbserv] 200 47ms

=INFO REPORT==== 4-Apr-2013::13:22:02 ===
Loading routes from "/Users/alan/src/bbserv/priv/bbserv.routes" ....

=INFO REPORT==== 4-Apr-2013::13:22:02 ===
GET /greeting/live [bbserv] 200 48ms

=INFO REPORT==== 4-Apr-2013::13:22:02 ===
Loading routes from "/Users/alan/src/bbserv/priv/bbserv.routes" ....

=INFO REPORT==== 4-Apr-2013::13:22:02 ===
Loading routes from "/Users/alan/src/bbserv/priv/bbserv.routes" ....

=INFO REPORT==== 4-Apr-2013::13:22:08 ===
Loading routes from "/Users/alan/src/bbserv/priv/bbserv.routes" ....

=INFO REPORT==== 4-Apr-2013::13:22:08 ===
GET /greeting/create [bbserv] 200 47ms

=INFO REPORT==== 4-Apr-2013::13:22:11 ===
Loading routes from "/Users/alan/src/bbserv/priv/bbserv.routes" ....

=INFO REPORT==== 4-Apr-2013::13:22:11 ===
Loading routes from "/Users/alan/src/bbserv/priv/bbserv.routes" ....

=INFO REPORT==== 4-Apr-2013::13:22:11 ===
POST /greeting/create [bbserv] 302 51ms

=INFO REPORT==== 4-Apr-2013::13:22:11 ===
Loading routes from "/Users/alan/src/bbserv/priv/bbserv.routes" ....

=INFO REPORT==== 4-Apr-2013::13:22:11 ===
GET /greeting/pull/1365092522316593 [bbserv] 200 52ms

=INFO REPORT==== 4-Apr-2013::13:22:11 ===
Loading routes from "/Users/alan/src/bbserv/priv/bbserv.routes" ....

=INFO REPORT==== 4-Apr-2013::13:22:11 ===
GET /greeting/list [bbserv] 200 65ms

=INFO REPORT==== 4-Apr-2013::13:22:14 ===
Loading routes from "/Users/alan/src/bbserv/priv/bbserv.routes" ....

=INFO REPORT==== 4-Apr-2013::13:22:14 ===
GET /greeting/create [bbserv] 200 48ms

=INFO REPORT==== 4-Apr-2013::13:22:16 ===
Loading routes from "/Users/alan/src/bbserv/priv/bbserv.routes" ....

=INFO REPORT==== 4-Apr-2013::13:22:16 ===
Loading routes from "/Users/alan/src/bbserv/priv/bbserv.routes" ....

=INFO REPORT==== 4-Apr-2013::13:22:16 ===
POST /greeting/create [bbserv] 302 49ms

=INFO REPORT==== 4-Apr-2013::13:22:16 ===
Loading routes from "/Users/alan/src/bbserv/priv/bbserv.routes" ....

=INFO REPORT==== 4-Apr-2013::13:22:16 ===
GET /greeting/pull/1365092531916081 [bbserv] 200 49ms

=INFO REPORT==== 4-Apr-2013::13:22:16 ===
Loading routes from "/Users/alan/src/bbserv/priv/bbserv.routes" ....

=INFO REPORT==== 4-Apr-2013::13:22:16 ===
GET /greeting/list [bbserv] 200 58ms

=INFO REPORT==== 4-Apr-2013::13:22:19 ===
Loading routes from "/Users/alan/src/bbserv/priv/bbserv.routes" ....

=INFO REPORT==== 4-Apr-2013::13:22:19 ===
POST /greeting/goodbye [bbserv] 302 40ms

=INFO REPORT==== 4-Apr-2013::13:22:19 ===
Loading routes from "/Users/alan/src/bbserv/priv/bbserv.routes" ....

=INFO REPORT==== 4-Apr-2013::13:22:19 ===
Loading routes from "/Users/alan/src/bbserv/priv/bbserv.routes" ....

=INFO REPORT==== 4-Apr-2013::13:22:19 ===
GET /greeting/list [bbserv] 200 52ms

=INFO REPORT==== 4-Apr-2013::13:22:23 ===
Loading routes from "/Users/alan/src/bbserv/priv/bbserv.routes" ....

=INFO REPORT==== 4-Apr-2013::13:22:24 ===
GET /greeting/create [bbserv] 200 48ms

=INFO REPORT==== 4-Apr-2013::13:22:26 ===
Loading routes from "/Users/alan/src/bbserv/priv/bbserv.routes" ....

=INFO REPORT==== 4-Apr-2013::13:22:26 ===
POST /greeting/create [bbserv] 302 40ms

=INFO REPORT==== 4-Apr-2013::13:22:26 ===
Loading routes from "/Users/alan/src/bbserv/priv/bbserv.routes" ....

=INFO REPORT==== 4-Apr-2013::13:22:26 ===
GET /greeting/list [bbserv] 200 47ms

=INFO REPORT==== 4-Apr-2013::13:23:37 ===
Loading routes from "/Users/alan/src/bbserv/priv/bbserv.routes" ....

=INFO REPORT==== 4-Apr-2013::13:23:38 ===
GET /greeting/live [bbserv] 200 49ms

=INFO REPORT==== 4-Apr-2013::13:23:38 ===
Loading routes from "/Users/alan/src/bbserv/priv/bbserv.routes" ....

=INFO REPORT==== 4-Apr-2013::13:23:38 ===
Loading routes from "/Users/alan/src/bbserv/priv/bbserv.routes" ....

=INFO REPORT==== 4-Apr-2013::13:24:03 ===
Loading routes from "/Users/alan/src/bbserv/priv/bbserv.routes" ....

=INFO REPORT==== 4-Apr-2013::13:24:03 ===
POST /greeting/goodbye [bbserv] 302 42ms

=INFO REPORT==== 4-Apr-2013::13:24:03 ===
GET /greeting/delete_listener/1365092618010378 [bbserv] 200 24837ms

=INFO REPORT==== 4-Apr-2013::13:24:03 ===
Loading routes from "/Users/alan/src/bbserv/priv/bbserv.routes" ....

=INFO REPORT==== 4-Apr-2013::13:24:03 ===
Loading routes from "/Users/alan/src/bbserv/priv/bbserv.routes" ....

=INFO REPORT==== 4-Apr-2013::13:24:03 ===
Loading routes from "/Users/alan/src/bbserv/priv/bbserv.routes" ....

=INFO REPORT==== 4-Apr-2013::13:24:03 ===
GET /greeting/list [bbserv] 200 64ms

=INFO REPORT==== 4-Apr-2013::16:10:57 ===
Loading routes from "/Users/alan/src/bbserv/priv/bbserv.routes" ....

=INFO REPORT==== 4-Apr-2013::16:10:57 ===
POST /greeting/goodbye [bbserv] 302 46ms

=INFO REPORT==== 4-Apr-2013::16:10:57 ===
Loading routes from "/Users/alan/src/bbserv/priv/bbserv.routes" ....

=INFO REPORT==== 4-Apr-2013::16:10:57 ===
GET /greeting/list [bbserv] 200 52ms

=INFO REPORT==== 4-Apr-2013::16:10:59 ===
Loading routes from "/Users/alan/src/bbserv/priv/bbserv.routes" ....

=INFO REPORT==== 4-Apr-2013::16:10:59 ===
GET /greeting/live [bbserv] 200 70ms

=INFO REPORT==== 4-Apr-2013::16:10:59 ===
Loading routes from "/Users/alan/src/bbserv/priv/bbserv.routes" ....

=INFO REPORT==== 4-Apr-2013::16:10:59 ===
Loading routes from "/Users/alan/src/bbserv/priv/bbserv.routes" ....

=INFO REPORT==== 4-Apr-2013::16:11:02 ===
Loading routes from "/Users/alan/src/bbserv/priv/bbserv.routes" ....

=INFO REPORT==== 4-Apr-2013::16:11:02 ===
GET /greeting/create [bbserv] 200 47ms

=INFO REPORT==== 4-Apr-2013::16:11:05 ===
Loading routes from "/Users/alan/src/bbserv/priv/bbserv.routes" ....

=INFO REPORT==== 4-Apr-2013::16:11:05 ===
Loading routes from "/Users/alan/src/bbserv/priv/bbserv.routes" ....

=INFO REPORT==== 4-Apr-2013::16:11:05 ===
POST /greeting/create [bbserv] 302 49ms

=INFO REPORT==== 4-Apr-2013::16:11:05 ===
Loading routes from "/Users/alan/src/bbserv/priv/bbserv.routes" ....

=INFO REPORT==== 4-Apr-2013::16:11:06 ===
GET /greeting/pull/1365102659330437 [bbserv] 200 48ms

=INFO REPORT==== 4-Apr-2013::16:11:06 ===
Loading routes from "/Users/alan/src/bbserv/priv/bbserv.routes" ....

=INFO REPORT==== 4-Apr-2013::16:11:06 ===
GET /greeting/list [bbserv] 200 62ms

=INFO REPORT==== 4-Apr-2013::16:11:14 ===
Loading routes from "/Users/alan/src/bbserv/priv/bbserv.routes" ....

=INFO REPORT==== 4-Apr-2013::16:11:14 ===
POST /greeting/goodbye [bbserv] 302 43ms

=INFO REPORT==== 4-Apr-2013::16:11:14 ===
Loading routes from "/Users/alan/src/bbserv/priv/bbserv.routes" ....

=INFO REPORT==== 4-Apr-2013::16:11:14 ===
Loading routes from "/Users/alan/src/bbserv/priv/bbserv.routes" ....

=INFO REPORT==== 4-Apr-2013::16:11:14 ===
GET /greeting/list [bbserv] 200 54ms

=INFO REPORT==== 4-Apr-2013::16:11:16 ===
Loading routes from "/Users/alan/src/bbserv/priv/bbserv.routes" ....

=INFO REPORT==== 4-Apr-2013::16:11:16 ===
GET /greeting/live [bbserv] 200 53ms

=INFO REPORT==== 4-Apr-2013::16:11:17 ===
Loading routes from "/Users/alan/src/bbserv/priv/bbserv.routes" ....

=INFO REPORT==== 4-Apr-2013::16:11:17 ===
Loading routes from "/Users/alan/src/bbserv/priv/bbserv.routes" ....

=INFO REPORT==== 4-Apr-2013::16:39:56 ===
Loading routes from "/Users/alan/src/bbserv/priv/bbserv.routes" ....

=INFO REPORT==== 4-Apr-2013::16:39:56 ===
GET /greeting/create [bbserv] 200 54ms

=INFO REPORT==== 4-Apr-2013::16:40:00 ===
Loading routes from "/Users/alan/src/bbserv/priv/bbserv.routes" ....

=INFO REPORT==== 4-Apr-2013::16:40:00 ===
POST /greeting/create [bbserv] 302 47ms

=INFO REPORT==== 4-Apr-2013::16:40:00 ===
Loading routes from "/Users/alan/src/bbserv/priv/bbserv.routes" ....

=INFO REPORT==== 4-Apr-2013::16:40:00 ===
GET /greeting/list [bbserv] 200 52ms

=INFO REPORT==== 4-Apr-2013::16:40:02 ===
Loading routes from "/Users/alan/src/bbserv/priv/bbserv.routes" ....

=INFO REPORT==== 4-Apr-2013::16:40:02 ===
GET /greeting/live [bbserv] 200 67ms

=INFO REPORT==== 4-Apr-2013::16:40:03 ===
Loading routes from "/Users/alan/src/bbserv/priv/bbserv.routes" ....

=INFO REPORT==== 4-Apr-2013::16:40:03 ===
Loading routes from "/Users/alan/src/bbserv/priv/bbserv.routes" ....

=INFO REPORT==== 4-Apr-2013::16:40:05 ===
Loading routes from "/Users/alan/src/bbserv/priv/bbserv.routes" ....

=INFO REPORT==== 4-Apr-2013::16:40:05 ===
GET /greeting/create [bbserv] 200 53ms

=INFO REPORT==== 4-Apr-2013::16:40:09 ===
Loading routes from "/Users/alan/src/bbserv/priv/bbserv.routes" ....

=INFO REPORT==== 4-Apr-2013::16:40:09 ===
Loading routes from "/Users/alan/src/bbserv/priv/bbserv.routes" ....

=INFO REPORT==== 4-Apr-2013::16:40:09 ===
POST /greeting/create [bbserv] 302 54ms

=INFO REPORT==== 4-Apr-2013::16:40:09 ===
Loading routes from "/Users/alan/src/bbserv/priv/bbserv.routes" ....

=INFO REPORT==== 4-Apr-2013::16:40:09 ===
GET /greeting/pull/1365104402973736 [bbserv] 200 59ms

=INFO REPORT==== 4-Apr-2013::16:40:09 ===
Loading routes from "/Users/alan/src/bbserv/priv/bbserv.routes" ....

=INFO REPORT==== 4-Apr-2013::16:40:09 ===
GET /greeting/list [bbserv] 200 67ms

=INFO REPORT==== 4-Apr-2013::16:40:11 ===
Loading routes from "/Users/alan/src/bbserv/priv/bbserv.routes" ....

=INFO REPORT==== 4-Apr-2013::16:40:11 ===
GET /greeting/create [bbserv] 200 47ms

=INFO REPORT==== 4-Apr-2013::16:40:14 ===
Loading routes from "/Users/alan/src/bbserv/priv/bbserv.routes" ....

=INFO REPORT==== 4-Apr-2013::16:40:14 ===
Loading routes from "/Users/alan/src/bbserv/priv/bbserv.routes" ....

=INFO REPORT==== 4-Apr-2013::16:40:14 ===
POST /greeting/create [bbserv] 302 44ms

=INFO REPORT==== 4-Apr-2013::16:40:14 ===
Loading routes from "/Users/alan/src/bbserv/priv/bbserv.routes" ....

=INFO REPORT==== 4-Apr-2013::16:40:14 ===
GET /greeting/pull/1365104409132084 [bbserv] 200 50ms

=INFO REPORT==== 4-Apr-2013::16:40:14 ===
Loading routes from "/Users/alan/src/bbserv/priv/bbserv.routes" ....

=INFO REPORT==== 4-Apr-2013::16:40:14 ===
GET /greeting/list [bbserv] 200 59ms

=INFO REPORT==== 4-Apr-2013::16:40:16 ===
Loading routes from "/Users/alan/src/bbserv/priv/bbserv.routes" ....

=INFO REPORT==== 4-Apr-2013::16:40:16 ===
GET /greeting/live [bbserv] 200 51ms

=INFO REPORT==== 4-Apr-2013::16:40:16 ===
Loading routes from "/Users/alan/src/bbserv/priv/bbserv.routes" ....

=INFO REPORT==== 4-Apr-2013::16:40:16 ===
Loading routes from "/Users/alan/src/bbserv/priv/bbserv.routes" ....

=INFO REPORT==== 4-Apr-2013::16:40:21 ===
Loading routes from "/Users/alan/src/bbserv/priv/bbserv.routes" ....

=INFO REPORT==== 4-Apr-2013::16:40:21 ===
GET /greeting/delete_listener/1365104416046465 [bbserv] 200 4920ms

=INFO REPORT==== 4-Apr-2013::16:40:21 ===
POST /greeting/goodbye [bbserv] 302 45ms

=INFO REPORT==== 4-Apr-2013::16:40:21 ===
Loading routes from "/Users/alan/src/bbserv/priv/bbserv.routes" ....

=INFO REPORT==== 4-Apr-2013::16:40:21 ===
Loading routes from "/Users/alan/src/bbserv/priv/bbserv.routes" ....

=INFO REPORT==== 4-Apr-2013::16:40:21 ===
Loading routes from "/Users/alan/src/bbserv/priv/bbserv.routes" ....

=INFO REPORT==== 4-Apr-2013::16:40:21 ===
GET /greeting/list [bbserv] 200 72ms

=INFO REPORT==== 4-Apr-2013::16:40:22 ===
Loading routes from "/Users/alan/src/bbserv/priv/bbserv.routes" ....

=INFO REPORT==== 4-Apr-2013::16:40:22 ===
Loading routes from "/Users/alan/src/bbserv/priv/bbserv.routes" ....

=INFO REPORT==== 4-Apr-2013::16:40:22 ===
POST /greeting/goodbye [bbserv] 302 44ms

=INFO REPORT==== 4-Apr-2013::16:40:22 ===
Loading routes from "/Users/alan/src/bbserv/priv/bbserv.routes" ....

=INFO REPORT==== 4-Apr-2013::16:40:22 ===
GET /greeting/delete_listener/1365104421052411 [bbserv] 200 46ms

=INFO REPORT==== 4-Apr-2013::16:40:22 ===
Loading routes from "/Users/alan/src/bbserv/priv/bbserv.routes" ....

=INFO REPORT==== 4-Apr-2013::16:40:22 ===
GET /greeting/list [bbserv] 200 56ms

=INFO REPORT==== 4-Apr-2013::16:40:23 ===
Loading routes from "/Users/alan/src/bbserv/priv/bbserv.routes" ....

=INFO REPORT==== 4-Apr-2013::16:40:23 ===
POST /greeting/goodbye [bbserv] 302 45ms

=INFO REPORT==== 4-Apr-2013::16:40:23 ===
GET /greeting/delete_listener/1365104422482267 [bbserv] 200 1223ms

=INFO REPORT==== 4-Apr-2013::16:40:23 ===
Loading routes from "/Users/alan/src/bbserv/priv/bbserv.routes" ....

=INFO REPORT==== 4-Apr-2013::16:40:23 ===
Loading routes from "/Users/alan/src/bbserv/priv/bbserv.routes" ....

=INFO REPORT==== 4-Apr-2013::16:40:23 ===
GET /greeting/list [bbserv] 200 66ms

=INFO REPORT==== 4-Apr-2013::16:41:02 ===
Loading routes from "/Users/alan/src/bbserv/priv/bbserv.routes" ....

=INFO REPORT==== 4-Apr-2013::16:41:02 ===
GET /greeting/live [bbserv] 200 51ms

=INFO REPORT==== 4-Apr-2013::16:41:02 ===
Loading routes from "/Users/alan/src/bbserv/priv/bbserv.routes" ....

=INFO REPORT==== 4-Apr-2013::16:41:02 ===
Loading routes from "/Users/alan/src/bbserv/priv/bbserv.routes" ....

=INFO REPORT==== 5-Apr-2013::15:38:59 ===
Loading routes from "/Users/alan/src/bbserv/priv/bbserv.routes" ....

=INFO REPORT==== 5-Apr-2013::15:39:00 ===
GET /greeting/live [bbserv] 200 133ms

=INFO REPORT==== 5-Apr-2013::15:39:00 ===
Loading routes from "/Users/alan/src/bbserv/priv/bbserv.routes" ....

=INFO REPORT==== 5-Apr-2013::15:39:00 ===
Loading routes from "/Users/alan/src/bbserv/priv/bbserv.routes" ....

=INFO REPORT==== 5-Apr-2013::15:39:00 ===
GET /greeting/pull/1365187140014190 [bbserv] 200 62ms

=INFO REPORT==== 5-Apr-2013::15:39:00 ===
GET /greeting/delete_listener/1365187140014292 [bbserv] 200 60ms

=INFO REPORT==== 5-Apr-2013::15:40:37 ===
Loading routes from "/Users/alan/src/bbserv/priv/bbserv.routes" ....

=INFO REPORT==== 5-Apr-2013::15:40:37 ===
GET /greeting/create [bbserv] 200 52ms

=INFO REPORT==== 5-Apr-2013::15:40:39 ===
Loading routes from "/Users/alan/src/bbserv/priv/bbserv.routes" ....

=INFO REPORT==== 5-Apr-2013::15:40:39 ===
POST /greeting/create [bbserv] 302 43ms

=INFO REPORT==== 5-Apr-2013::15:40:39 ===
Loading routes from "/Users/alan/src/bbserv/priv/bbserv.routes" ....

=INFO REPORT==== 5-Apr-2013::15:40:39 ===
GET /greeting/list [bbserv] 200 49ms

=INFO REPORT==== 5-Apr-2013::15:50:20 ===
Loading routes from "/Users/alan/src/bbserv/priv/bbserv.routes" ....

=INFO REPORT==== 5-Apr-2013::15:50:20 ===
GET /greeting/create [bbserv] 200 52ms

=INFO REPORT==== 5-Apr-2013::15:50:23 ===
Loading routes from "/Users/alan/src/bbserv/priv/bbserv.routes" ....

=INFO REPORT==== 5-Apr-2013::15:50:23 ===
POST /greeting/create [bbserv] 302 48ms

=INFO REPORT==== 5-Apr-2013::15:50:23 ===
Loading routes from "/Users/alan/src/bbserv/priv/bbserv.routes" ....

=INFO REPORT==== 5-Apr-2013::15:50:23 ===
GET /greeting/list [bbserv] 200 50ms

=INFO REPORT==== 5-Apr-2013::16:01:28 ===
Loading routes from "/Users/alan/src/bbserv/priv/bbserv.routes" ....

=INFO REPORT==== 5-Apr-2013::16:01:28 ===
GET /greeting/create [bbserv] 200 50ms

=INFO REPORT==== 5-Apr-2013::16:01:36 ===
Loading routes from "/Users/alan/src/bbserv/priv/bbserv.routes" ....

=INFO REPORT==== 5-Apr-2013::16:01:36 ===
GET /greeting/live [bbserv] 200 68ms

=INFO REPORT==== 5-Apr-2013::16:02:01 ===
Loading routes from "/Users/alan/src/bbserv/priv/bbserv.routes" ....

=INFO REPORT==== 5-Apr-2013::16:02:01 ===
GET /greeting/live [bbserv] 200 72ms

=INFO REPORT==== 5-Apr-2013::16:02:34 ===
Loading routes from "/Users/alan/src/bbserv/priv/bbserv.routes" ....

=INFO REPORT==== 5-Apr-2013::16:02:34 ===
POST /greeting/create [bbserv] 302 45ms

=INFO REPORT==== 5-Apr-2013::16:02:34 ===
Loading routes from "/Users/alan/src/bbserv/priv/bbserv.routes" ....

=INFO REPORT==== 5-Apr-2013::16:02:34 ===
GET /greeting/list [bbserv] 200 52ms

=INFO REPORT==== 5-Apr-2013::16:02:48 ===
Loading routes from "/Users/alan/src/bbserv/priv/bbserv.routes" ....

=INFO REPORT==== 5-Apr-2013::16:02:48 ===
GET /greeting/live [bbserv] 200 50ms

=INFO REPORT==== 5-Apr-2013::16:03:12 ===
Loading routes from "/Users/alan/src/bbserv/priv/bbserv.routes" ....

=INFO REPORT==== 5-Apr-2013::16:03:12 ===
GET /greeting/live [bbserv] 200 69ms

=INFO REPORT==== 5-Apr-2013::16:03:12 ===
Loading routes from "/Users/alan/src/bbserv/priv/bbserv.routes" ....

=INFO REPORT==== 5-Apr-2013::16:03:12 ===
GET /greeting/delete_listener/1365188592361098 [bbserv] 200 44ms

=INFO REPORT==== 5-Apr-2013::16:03:15 ===
Loading routes from "/Users/alan/src/bbserv/priv/bbserv.routes" ....

=INFO REPORT==== 5-Apr-2013::16:03:15 ===
GET /greeting/create [bbserv] 200 47ms

=INFO REPORT==== 5-Apr-2013::16:03:17 ===
Loading routes from "/Users/alan/src/bbserv/priv/bbserv.routes" ....

=INFO REPORT==== 5-Apr-2013::16:03:17 ===
POST /greeting/create [bbserv] 302 44ms

=INFO REPORT==== 5-Apr-2013::16:03:17 ===
Loading routes from "/Users/alan/src/bbserv/priv/bbserv.routes" ....

=INFO REPORT==== 5-Apr-2013::16:03:17 ===
GET /greeting/list [bbserv] 200 52ms

=INFO REPORT==== 5-Apr-2013::16:03:46 ===
Loading routes from "/Users/alan/src/bbserv/priv/bbserv.routes" ....

=INFO REPORT==== 5-Apr-2013::16:03:46 ===
GET /greeting/live [bbserv] 200 67ms

=INFO REPORT==== 5-Apr-2013::16:03:46 ===
Loading routes from "/Users/alan/src/bbserv/priv/bbserv.routes" ....

=INFO REPORT==== 5-Apr-2013::16:03:46 ===
GET /greeting/delete_listener/1365188626728819 [bbserv] 200 41ms

=INFO REPORT==== 5-Apr-2013::16:03:49 ===
Loading routes from "/Users/alan/src/bbserv/priv/bbserv.routes" ....

=INFO REPORT==== 5-Apr-2013::16:03:49 ===
GET /greeting/create [bbserv] 200 52ms

=INFO REPORT==== 5-Apr-2013::16:03:52 ===
Loading routes from "/Users/alan/src/bbserv/priv/bbserv.routes" ....

=INFO REPORT==== 5-Apr-2013::16:03:52 ===
POST /greeting/create [bbserv] 302 47ms

=INFO REPORT==== 5-Apr-2013::16:03:52 ===
Loading routes from "/Users/alan/src/bbserv/priv/bbserv.routes" ....

=INFO REPORT==== 5-Apr-2013::16:03:52 ===
GET /greeting/list [bbserv] 200 52ms

=INFO REPORT==== 5-Apr-2013::16:04:11 ===
Loading routes from "/Users/alan/src/bbserv/priv/bbserv.routes" ....

=INFO REPORT==== 5-Apr-2013::16:04:11 ===
GET /greeting/live [bbserv] 200 51ms

=INFO REPORT==== 5-Apr-2013::16:04:11 ===
Loading routes from "/Users/alan/src/bbserv/priv/bbserv.routes" ....

=INFO REPORT==== 5-Apr-2013::16:04:11 ===
GET /greeting/delete_listener/1365188651280352 [bbserv] 200 44ms

=INFO REPORT==== 5-Apr-2013::16:09:56 ===
Loading routes from "/Users/alan/src/bbserv/priv/bbserv.routes" ....

=INFO REPORT==== 5-Apr-2013::16:09:56 ===
GET /greeting/live [bbserv] 200 71ms

=INFO REPORT==== 5-Apr-2013::16:09:56 ===
Loading routes from "/Users/alan/src/bbserv/priv/bbserv.routes" ....

=INFO REPORT==== 5-Apr-2013::16:09:56 ===
GET /greeting/pull/1365188996832312 [bbserv] 200 45ms

=INFO REPORT==== 5-Apr-2013::16:10:24 ===
Loading routes from "/Users/alan/src/bbserv/priv/bbserv.routes" ....

=INFO REPORT==== 5-Apr-2013::16:10:24 ===
GET /greeting/create [bbserv] 200 50ms

=INFO REPORT==== 5-Apr-2013::16:10:28 ===
Loading routes from "/Users/alan/src/bbserv/priv/bbserv.routes" ....

=INFO REPORT==== 5-Apr-2013::16:10:28 ===
POST /greeting/create [bbserv] 302 43ms

=INFO REPORT==== 5-Apr-2013::16:10:28 ===
Loading routes from "/Users/alan/src/bbserv/priv/bbserv.routes" ....

=INFO REPORT==== 5-Apr-2013::16:10:28 ===
GET /greeting/list [bbserv] 200 50ms
