
=INFO REPORT==== 3-Apr-2013::18:05:55 ===
Starting Boss in development mode....

=INFO REPORT==== 3-Apr-2013::18:05:55 ===
Starting master services on 'bbserv@Alans-MacBook-Pro'

=INFO REPORT==== 3-Apr-2013::18:05:55 ===
SSL:[]

=INFO REPORT==== 3-Apr-2013::18:05:55 ===
Loading routes from "/Users/alan/src/bbserv/priv/bbserv.routes" ....

=INFO REPORT==== 3-Apr-2013::18:06:19 ===
Loading routes from "/Users/alan/src/bbserv/priv/bbserv.routes" ....

=INFO REPORT==== 3-Apr-2013::18:06:19 ===
GET /greeting/create [bbserv] 200 36ms

=INFO REPORT==== 3-Apr-2013::18:06:24 ===
Loading routes from "/Users/alan/src/bbserv/priv/bbserv.routes" ....

=INFO REPORT==== 3-Apr-2013::18:06:24 ===
POST /greeting/create [bbserv] 302 39ms

=INFO REPORT==== 3-Apr-2013::18:06:24 ===
Loading routes from "/Users/alan/src/bbserv/priv/bbserv.routes" ....

=INFO REPORT==== 3-Apr-2013::18:06:24 ===
GET /greeting/list [bbserv] 200 40ms

=INFO REPORT==== 3-Apr-2013::18:06:29 ===
Loading routes from "/Users/alan/src/bbserv/priv/bbserv.routes" ....

=INFO REPORT==== 3-Apr-2013::18:06:29 ===
GET /greeting/live [bbserv] 200 38ms

=INFO REPORT==== 3-Apr-2013::18:06:29 ===
Loading routes from "/Users/alan/src/bbserv/priv/bbserv.routes" ....

=INFO REPORT==== 3-Apr-2013::18:06:32 ===
Loading routes from "/Users/alan/src/bbserv/priv/bbserv.routes" ....

=INFO REPORT==== 3-Apr-2013::18:06:32 ===
GET /greeting/create [bbserv] 200 41ms

=INFO REPORT==== 3-Apr-2013::18:06:36 ===
Loading routes from "/Users/alan/src/bbserv/priv/bbserv.routes" ....

=INFO REPORT==== 3-Apr-2013::18:06:36 ===
Loading routes from "/Users/alan/src/bbserv/priv/bbserv.routes" ....

=INFO REPORT==== 3-Apr-2013::18:06:36 ===
POST /greeting/create [bbserv] 302 38ms

=INFO REPORT==== 3-Apr-2013::18:06:36 ===
Loading routes from "/Users/alan/src/bbserv/priv/bbserv.routes" ....

=INFO REPORT==== 3-Apr-2013::18:06:36 ===
GET /greeting/pull/1365023189159416 [bbserv] 200 43ms

=INFO REPORT==== 3-Apr-2013::18:06:36 ===
Loading routes from "/Users/alan/src/bbserv/priv/bbserv.routes" ....

=INFO REPORT==== 3-Apr-2013::18:06:36 ===
GET /greeting/list [bbserv] 200 46ms

=INFO REPORT==== 3-Apr-2013::18:06:39 ===
Loading routes from "/Users/alan/src/bbserv/priv/bbserv.routes" ....

=INFO REPORT==== 3-Apr-2013::18:06:39 ===
POST /greeting/goodbye [bbserv] 302 35ms

=INFO REPORT==== 3-Apr-2013::18:06:39 ===
Loading routes from "/Users/alan/src/bbserv/priv/bbserv.routes" ....

=INFO REPORT==== 3-Apr-2013::18:06:39 ===
Loading routes from "/Users/alan/src/bbserv/priv/bbserv.routes" ....

=INFO REPORT==== 3-Apr-2013::18:06:40 ===
GET /greeting/list [bbserv] 200 41ms

=INFO REPORT==== 3-Apr-2013::18:29:03 ===
Loading routes from "/Users/alan/src/bbserv/priv/bbserv.routes" ....

=ERROR REPORT==== 3-Apr-2013::18:29:03 ===
Call to tuple fun {unbound_var,'LastTimeStamp'}.

Tuple funs are deprecated and will be removed in R16. Use "fun M:F/A" instead, for example "fun unbound_var:'LastTimeStamp'/0".

(This warning will only be shown the first time a tuple fun is called.)


=ERROR REPORT==== 3-Apr-2013::18:29:03 ===
{undef,[{unbound_var,'LastTimeStamp',[],[]},
        {erlydtl_filters,format_number,1,
                         [{file,"src/erlydtl_filters.erl"},{line,374}]},
        {boss_html_error_template,'-render_internal/2-fun-0-',2,[]},
        {lists,mapfoldl,3,[{file,"lists.erl"},{line,1278}]},
        {erlydtl_runtime,forloop,3,
                         [{file,"src/erlydtl_runtime.erl"},{line,234}]},
        {boss_html_error_template,'-render_internal/2-fun-2-',2,[]},
        {lists,mapfoldl,3,[{file,"lists.erl"},{line,1278}]},
        {erlydtl_runtime,forloop,3,
                         [{file,"src/erlydtl_runtime.erl"},{line,234}]}]}

=ERROR REPORT==== 3-Apr-2013::18:29:03 ===
GET /greeting/create [bbserv] 500 23ms

=INFO REPORT==== 3-Apr-2013::18:29:32 ===
Loading routes from "/Users/alan/src/bbserv/priv/bbserv.routes" ....

=ERROR REPORT==== 3-Apr-2013::18:29:32 ===
{undef,[{unbound_var,'LastTimeStamp',[],[]},
        {erlydtl_filters,format_number,1,
                         [{file,"src/erlydtl_filters.erl"},{line,374}]},
        {boss_html_error_template,'-render_internal/2-fun-0-',2,[]},
        {lists,mapfoldl,3,[{file,"lists.erl"},{line,1278}]},
        {erlydtl_runtime,forloop,3,
                         [{file,"src/erlydtl_runtime.erl"},{line,234}]},
        {boss_html_error_template,'-render_internal/2-fun-2-',2,[]},
        {lists,mapfoldl,3,[{file,"lists.erl"},{line,1278}]},
        {erlydtl_runtime,forloop,3,
                         [{file,"src/erlydtl_runtime.erl"},{line,234}]}]}

=ERROR REPORT==== 3-Apr-2013::18:29:32 ===
GET /greeting/create [bbserv] 500 23ms
