
=INFO REPORT==== 1-Apr-2013::19:20:07 ===
Starting Boss in development mode....

=INFO REPORT==== 1-Apr-2013::19:20:07 ===
Starting master services on bbserv@localhost

=INFO REPORT==== 1-Apr-2013::19:20:08 ===
SSL:[]

=INFO REPORT==== 1-Apr-2013::19:20:08 ===
Loading routes from "/root/Projects/bbserv/priv/bbserv.routes" ....

=INFO REPORT==== 1-Apr-2013::19:23:39 ===
Loading routes from "/root/Projects/bbserv/priv/bbserv.routes" ....

=ERROR REPORT==== 1-Apr-2013::19:23:39 ===
GET / [bbserv] 404 0ms

=INFO REPORT==== 1-Apr-2013::19:23:53 ===
Loading routes from "/root/Projects/bbserv/priv/bbserv.routes" ....

=ERROR REPORT==== 1-Apr-2013::19:23:53 ===
GET /greeting/routes [bbserv] 404 83ms

=INFO REPORT==== 1-Apr-2013::19:23:58 ===
Loading routes from "/root/Projects/bbserv/priv/bbserv.routes" ....

=INFO REPORT==== 1-Apr-2013::19:23:58 ===
GET /greeting/hello [bbserv] 200 80ms

=INFO REPORT==== 1-Apr-2013::19:38:23 ===
Loading routes from "/root/Projects/bbserv/priv/bbserv.routes" ....

=INFO REPORT==== 1-Apr-2013::19:38:23 ===
GET /greeting/list [bbserv] 200 110ms

=INFO REPORT==== 1-Apr-2013::19:38:28 ===
Loading routes from "/root/Projects/bbserv/priv/bbserv.routes" ....

=INFO REPORT==== 1-Apr-2013::19:38:28 ===
GET /greeting/create [bbserv] 200 82ms

=INFO REPORT==== 1-Apr-2013::19:38:34 ===
Loading routes from "/root/Projects/bbserv/priv/bbserv.routes" ....

=INFO REPORT==== 1-Apr-2013::19:38:34 ===
POST /greeting/create [bbserv] 302 80ms

=INFO REPORT==== 1-Apr-2013::19:38:34 ===
Loading routes from "/root/Projects/bbserv/priv/bbserv.routes" ....

=INFO REPORT==== 1-Apr-2013::19:38:34 ===
GET /greeting/list [bbserv] 200 70ms

=INFO REPORT==== 1-Apr-2013::19:38:37 ===
Loading routes from "/root/Projects/bbserv/priv/bbserv.routes" ....

=INFO REPORT==== 1-Apr-2013::19:38:37 ===
GET /greeting/create [bbserv] 200 72ms

=INFO REPORT==== 1-Apr-2013::19:38:43 ===
Loading routes from "/root/Projects/bbserv/priv/bbserv.routes" ....

=INFO REPORT==== 1-Apr-2013::19:38:43 ===
POST /greeting/create [bbserv] 302 61ms

=INFO REPORT==== 1-Apr-2013::19:38:43 ===
Loading routes from "/root/Projects/bbserv/priv/bbserv.routes" ....

=INFO REPORT==== 1-Apr-2013::19:38:43 ===
GET /greeting/list [bbserv] 200 73ms

=INFO REPORT==== 1-Apr-2013::19:38:48 ===
Loading routes from "/root/Projects/bbserv/priv/bbserv.routes" ....

=INFO REPORT==== 1-Apr-2013::19:38:48 ===
POST /greeting/goodbye [bbserv] 302 62ms

=INFO REPORT==== 1-Apr-2013::19:38:48 ===
Loading routes from "/root/Projects/bbserv/priv/bbserv.routes" ....

=INFO REPORT==== 1-Apr-2013::19:38:48 ===
GET /greeting/list [bbserv] 200 70ms

=INFO REPORT==== 1-Apr-2013::21:21:15 ===
Loading routes from "/root/Projects/bbserv/priv/bbserv.routes" ....

=INFO REPORT==== 1-Apr-2013::21:21:15 ===
GET /greeting/list [bbserv] 200 74ms

=INFO REPORT==== 1-Apr-2013::21:21:20 ===
Loading routes from "/root/Projects/bbserv/priv/bbserv.routes" ....

=INFO REPORT==== 1-Apr-2013::21:21:20 ===
GET /greeting/create [bbserv] 200 69ms

=INFO REPORT==== 1-Apr-2013::21:22:59 ===
Loading routes from "/root/Projects/bbserv/priv/bbserv.routes" ....

=INFO REPORT==== 1-Apr-2013::21:22:59 ===
POST /greeting/create [bbserv] 302 64ms

=INFO REPORT==== 1-Apr-2013::21:22:59 ===
Loading routes from "/root/Projects/bbserv/priv/bbserv.routes" ....

=INFO REPORT==== 1-Apr-2013::21:22:59 ===
GET /greeting/list [bbserv] 200 76ms

=INFO REPORT==== 1-Apr-2013::21:24:27 ===
Loading routes from "/root/Projects/bbserv/priv/bbserv.routes" ....

=INFO REPORT==== 1-Apr-2013::21:24:27 ===
POST /greeting/goodbye [bbserv] 302 65ms

=INFO REPORT==== 1-Apr-2013::21:24:28 ===
Loading routes from "/root/Projects/bbserv/priv/bbserv.routes" ....

=INFO REPORT==== 1-Apr-2013::21:24:28 ===
GET /greeting/list [bbserv] 200 75ms

=INFO REPORT==== 1-Apr-2013::21:28:26 ===
Loading routes from "/root/Projects/bbserv/priv/bbserv.routes" ....

=INFO REPORT==== 1-Apr-2013::21:28:26 ===
GET /greeting/list [bbserv] 200 75ms

=INFO REPORT==== 1-Apr-2013::21:28:28 ===
Loading routes from "/root/Projects/bbserv/priv/bbserv.routes" ....

=INFO REPORT==== 1-Apr-2013::21:28:28 ===
GET /greeting/create [bbserv] 200 76ms

=INFO REPORT==== 1-Apr-2013::21:28:35 ===
Loading routes from "/root/Projects/bbserv/priv/bbserv.routes" ....

=ERROR REPORT==== 1-Apr-2013::21:28:35 ===
{{badmatch,{error,["Greeting must be non-empty!"]}},
 [{bbserv_greeting_controller,create,3,
                              [{file,"/root/Projects/bbserv/src/controller/bbserv_greeting_controller.erl"},
                               {line,13}]},
  {boss_web_controller,execute_action,5,
                       [{file,"src/boss/boss_web_controller.erl"},{line,791}]},
  {boss_web_controller,process_dynamic_request,5,
                       [{file,"src/boss/boss_web_controller.erl"},{line,534}]},
  {boss_web_controller,process_request,5,
                       [{file,"src/boss/boss_web_controller.erl"},{line,523}]},
  {timer,tc,3,[{file,"timer.erl"},{line,194}]},
  {boss_web_controller,build_dynamic_response,4,
                       [{file,"src/boss/boss_web_controller.erl"},{line,457}]},
  {mochiweb_http,headers,5,[{file,"src/mochiweb_http.erl"},{line,94}]},
  {proc_lib,init_p_do_apply,3,[{file,"proc_lib.erl"},{line,227}]}]}

=ERROR REPORT==== 1-Apr-2013::21:28:35 ===
POST /greeting/create [bbserv] 500 67ms

=INFO REPORT==== 1-Apr-2013::21:29:14 ===
Loading routes from "/root/Projects/bbserv/priv/bbserv.routes" ....

=ERROR REPORT==== 1-Apr-2013::21:29:15 ===
{{badmatch,{error,["Greeting must be tweetable"]}},
 [{bbserv_greeting_controller,create,3,
                              [{file,"/root/Projects/bbserv/src/controller/bbserv_greeting_controller.erl"},
                               {line,13}]},
  {boss_web_controller,execute_action,5,
                       [{file,"src/boss/boss_web_controller.erl"},{line,791}]},
  {boss_web_controller,process_dynamic_request,5,
                       [{file,"src/boss/boss_web_controller.erl"},{line,534}]},
  {boss_web_controller,process_request,5,
                       [{file,"src/boss/boss_web_controller.erl"},{line,523}]},
  {timer,tc,3,[{file,"timer.erl"},{line,194}]},
  {boss_web_controller,build_dynamic_response,4,
                       [{file,"src/boss/boss_web_controller.erl"},{line,457}]},
  {mochiweb_http,headers,5,[{file,"src/mochiweb_http.erl"},{line,94}]},
  {proc_lib,init_p_do_apply,3,[{file,"proc_lib.erl"},{line,227}]}]}

=ERROR REPORT==== 1-Apr-2013::21:29:15 ===
POST /greeting/create [bbserv] 500 65ms

=INFO REPORT==== 1-Apr-2013::21:57:38 ===
Loading routes from "/root/Projects/bbserv/priv/bbserv.routes" ....

=INFO REPORT==== 1-Apr-2013::21:57:38 ===
GET /greeting/create [bbserv] 200 74ms

=INFO REPORT==== 1-Apr-2013::21:57:40 ===
Loading routes from "/root/Projects/bbserv/priv/bbserv.routes" ....

=INFO REPORT==== 1-Apr-2013::21:57:40 ===
POST /greeting/create [bbserv] 200 79ms

=INFO REPORT==== 1-Apr-2013::21:57:52 ===
Loading routes from "/root/Projects/bbserv/priv/bbserv.routes" ....

=INFO REPORT==== 1-Apr-2013::21:57:52 ===
POST /greeting/create [bbserv] 200 79ms

=INFO REPORT==== 1-Apr-2013::22:01:33 ===
Loading routes from "/root/Projects/bbserv/priv/bbserv.routes" ....

=INFO REPORT==== 1-Apr-2013::22:01:33 ===
POST /greeting/create [bbserv] 200 79ms

=INFO REPORT==== 1-Apr-2013::22:02:36 ===
Loading routes from "/root/Projects/bbserv/priv/bbserv.routes" ....

=INFO REPORT==== 1-Apr-2013::22:02:36 ===
POST /greeting/create [bbserv] 200 100ms

=INFO REPORT==== 1-Apr-2013::22:02:44 ===
Loading routes from "/root/Projects/bbserv/priv/bbserv.routes" ....

=INFO REPORT==== 1-Apr-2013::22:02:44 ===
POST /greeting/create [bbserv] 200 76ms
