
=INFO REPORT==== 23-Mar-2013::21:30:16 ===
Starting Boss in development mode....

=INFO REPORT==== 23-Mar-2013::21:30:16 ===
Starting master services on 'bbserv@li129-249'

=INFO REPORT==== 23-Mar-2013::21:30:16 ===
SSL:[]

=INFO REPORT==== 23-Mar-2013::21:30:16 ===
Loading routes from "/root/Projects/bbserv/priv/bbserv.routes" ....

=INFO REPORT==== 23-Mar-2013::21:31:48 ===
GET /doc/greeting [bbserv] 200 140ms

=ERROR REPORT==== 23-Mar-2013::21:31:48 ===
GET /doc/stylesheet.css [bbserv] 404 0ms

=ERROR REPORT==== 23-Mar-2013::21:31:48 ===
GET /doc/erlang.png [bbserv] 404 0ms

=INFO REPORT==== 23-Mar-2013::21:31:49 ===
Loading routes from "/root/Projects/bbserv/priv/bbserv.routes" ....

=ERROR REPORT==== 23-Mar-2013::21:31:49 ===
GET /apple-touch-icon-precomposed.png [bbserv] 404 1ms

=INFO REPORT==== 23-Mar-2013::21:31:54 ===
Loading routes from "/root/Projects/bbserv/priv/bbserv.routes" ....

=INFO REPORT==== 23-Mar-2013::21:31:54 ===
GET /greeting/hello [bbserv] 200 56ms

=INFO REPORT==== 23-Mar-2013::21:31:54 ===
Loading routes from "/root/Projects/bbserv/priv/bbserv.routes" ....

=ERROR REPORT==== 23-Mar-2013::21:31:54 ===
GET /apple-touch-icon-precomposed.png [bbserv] 404 0ms

=INFO REPORT==== 23-Mar-2013::21:31:57 ===
Loading routes from "/root/Projects/bbserv/priv/bbserv.routes" ....

=INFO REPORT==== 23-Mar-2013::21:31:58 ===
GET /greeting/list [bbserv] 200 69ms

=INFO REPORT==== 23-Mar-2013::21:31:58 ===
Loading routes from "/root/Projects/bbserv/priv/bbserv.routes" ....

=ERROR REPORT==== 23-Mar-2013::21:31:58 ===
GET /apple-touch-icon-precomposed.png [bbserv] 404 0ms

=INFO REPORT==== 23-Mar-2013::21:37:04 ===
Loading routes from "/root/Projects/bbserv/priv/bbserv.routes" ....

=INFO REPORT==== 23-Mar-2013::21:37:04 ===
GET /greeting/list [bbserv] 200 32ms

=INFO REPORT==== 23-Mar-2013::21:37:05 ===
Loading routes from "/root/Projects/bbserv/priv/bbserv.routes" ....

=ERROR REPORT==== 23-Mar-2013::21:37:05 ===
GET /apple-touch-icon-precomposed.png [bbserv] 404 1ms

=INFO REPORT==== 23-Mar-2013::21:37:52 ===
Loading routes from "/root/Projects/bbserv/priv/bbserv.routes" ....

=INFO REPORT==== 23-Mar-2013::21:37:52 ===
GET /greeting/list [bbserv] 200 69ms

=INFO REPORT==== 23-Mar-2013::21:37:52 ===
Loading routes from "/root/Projects/bbserv/priv/bbserv.routes" ....

=ERROR REPORT==== 23-Mar-2013::21:37:52 ===
GET /apple-touch-icon-precomposed.png [bbserv] 404 1ms

=INFO REPORT==== 23-Mar-2013::21:38:22 ===
Loading routes from "/root/Projects/bbserv/priv/bbserv.routes" ....

=INFO REPORT==== 23-Mar-2013::21:38:22 ===
GET /greeting/list [bbserv] 200 64ms

=INFO REPORT==== 23-Mar-2013::21:38:22 ===
Loading routes from "/root/Projects/bbserv/priv/bbserv.routes" ....

=ERROR REPORT==== 23-Mar-2013::21:38:22 ===
GET /apple-touch-icon-precomposed.png [bbserv] 404 1ms

=INFO REPORT==== 23-Mar-2013::21:40:47 ===
Loading routes from "/root/Projects/bbserv/priv/bbserv.routes" ....

=INFO REPORT==== 23-Mar-2013::21:40:47 ===
GET /greeting/list [bbserv] 200 69ms

=INFO REPORT==== 23-Mar-2013::21:40:47 ===
Loading routes from "/root/Projects/bbserv/priv/bbserv.routes" ....

=ERROR REPORT==== 23-Mar-2013::21:40:47 ===
GET /apple-touch-icon-precomposed.png [bbserv] 404 1ms

=INFO REPORT==== 23-Mar-2013::21:51:41 ===
Loading routes from "/root/Projects/bbserv/priv/bbserv.routes" ....

=INFO REPORT==== 23-Mar-2013::21:51:41 ===
GET /greeting/list [bbserv] 200 89ms

=INFO REPORT==== 23-Mar-2013::21:51:42 ===
Loading routes from "/root/Projects/bbserv/priv/bbserv.routes" ....

=ERROR REPORT==== 23-Mar-2013::21:51:42 ===
GET /apple-touch-icon-precomposed.png [bbserv] 404 1ms

=INFO REPORT==== 23-Mar-2013::21:51:44 ===
Loading routes from "/root/Projects/bbserv/priv/bbserv.routes" ....

=INFO REPORT==== 23-Mar-2013::21:51:44 ===
GET /greeting/create [bbserv] 200 88ms

=INFO REPORT==== 23-Mar-2013::21:51:46 ===
Loading routes from "/root/Projects/bbserv/priv/bbserv.routes" ....

=ERROR REPORT==== 23-Mar-2013::21:51:46 ===
GET /apple-touch-icon-precomposed.png [bbserv] 404 1ms

=INFO REPORT==== 23-Mar-2013::21:52:52 ===
Loading routes from "/root/Projects/bbserv/priv/bbserv.routes" ....

=INFO REPORT==== 23-Mar-2013::21:52:52 ===
GET /greeting/list [bbserv] 200 73ms

=INFO REPORT==== 23-Mar-2013::21:52:52 ===
Loading routes from "/root/Projects/bbserv/priv/bbserv.routes" ....

=ERROR REPORT==== 23-Mar-2013::21:52:52 ===
GET /apple-touch-icon-precomposed.png [bbserv] 404 0ms

=INFO REPORT==== 23-Mar-2013::21:52:54 ===
Loading routes from "/root/Projects/bbserv/priv/bbserv.routes" ....

=INFO REPORT==== 23-Mar-2013::21:52:54 ===
GET /greeting/create [bbserv] 200 81ms

=INFO REPORT==== 23-Mar-2013::21:52:54 ===
Loading routes from "/root/Projects/bbserv/priv/bbserv.routes" ....

=ERROR REPORT==== 23-Mar-2013::21:52:54 ===
GET /apple-touch-icon-precomposed.png [bbserv] 404 1ms

=INFO REPORT==== 23-Mar-2013::22:01:28 ===
Loading routes from "/root/Projects/bbserv/priv/bbserv.routes" ....

=INFO REPORT==== 23-Mar-2013::22:01:28 ===
GET /greeting/list [bbserv] 200 31ms

=INFO REPORT==== 23-Mar-2013::22:01:28 ===
Loading routes from "/root/Projects/bbserv/priv/bbserv.routes" ....

=ERROR REPORT==== 23-Mar-2013::22:01:28 ===
GET /apple-touch-icon-precomposed.png [bbserv] 404 0ms

=INFO REPORT==== 23-Mar-2013::22:02:23 ===
Loading routes from "/root/Projects/bbserv/priv/bbserv.routes" ....

=INFO REPORT==== 23-Mar-2013::22:02:23 ===
GET /greeting/list [bbserv] 200 30ms

=INFO REPORT==== 23-Mar-2013::22:02:23 ===
Loading routes from "/root/Projects/bbserv/priv/bbserv.routes" ....

=ERROR REPORT==== 23-Mar-2013::22:02:23 ===
GET /apple-touch-icon-precomposed.png [bbserv] 404 0ms

=INFO REPORT==== 23-Mar-2013::22:03:25 ===
Loading routes from "/root/Projects/bbserv/priv/bbserv.routes" ....

=INFO REPORT==== 23-Mar-2013::22:03:25 ===
GET /greeting/list [bbserv] 200 30ms

=INFO REPORT==== 23-Mar-2013::22:03:25 ===
Loading routes from "/root/Projects/bbserv/priv/bbserv.routes" ....

=ERROR REPORT==== 23-Mar-2013::22:03:25 ===
GET /apple-touch-icon-precomposed.png [bbserv] 404 1ms

=INFO REPORT==== 23-Mar-2013::22:04:43 ===
Loading routes from "/root/Projects/bbserv/priv/bbserv.routes" ....

=INFO REPORT==== 23-Mar-2013::22:04:43 ===
GET /greeting/list [bbserv] 200 64ms

=INFO REPORT==== 23-Mar-2013::22:04:43 ===
Loading routes from "/root/Projects/bbserv/priv/bbserv.routes" ....

=ERROR REPORT==== 23-Mar-2013::22:04:43 ===
GET /apple-touch-icon-precomposed.png [bbserv] 404 1ms

=INFO REPORT==== 23-Mar-2013::22:04:45 ===
Loading routes from "/root/Projects/bbserv/priv/bbserv.routes" ....

=INFO REPORT==== 23-Mar-2013::22:04:45 ===
GET /greeting/create [bbserv] 200 66ms

=INFO REPORT==== 23-Mar-2013::22:04:45 ===
Loading routes from "/root/Projects/bbserv/priv/bbserv.routes" ....

=ERROR REPORT==== 23-Mar-2013::22:04:45 ===
GET /apple-touch-icon-precomposed.png [bbserv] 404 1ms

=INFO REPORT==== 23-Mar-2013::22:04:52 ===
Loading routes from "/root/Projects/bbserv/priv/bbserv.routes" ....

=INFO REPORT==== 23-Mar-2013::22:04:53 ===
POST /greeting/create [bbserv] 302 56ms

=INFO REPORT==== 23-Mar-2013::22:04:53 ===
Loading routes from "/root/Projects/bbserv/priv/bbserv.routes" ....

=INFO REPORT==== 23-Mar-2013::22:04:53 ===
GET /greeting/list [bbserv] 200 63ms

=INFO REPORT==== 23-Mar-2013::22:04:53 ===
Loading routes from "/root/Projects/bbserv/priv/bbserv.routes" ....

=ERROR REPORT==== 23-Mar-2013::22:04:53 ===
GET /apple-touch-icon-precomposed.png [bbserv] 404 1ms

=INFO REPORT==== 23-Mar-2013::22:08:12 ===
Loading routes from "/root/Projects/bbserv/priv/bbserv.routes" ....

=INFO REPORT==== 23-Mar-2013::22:08:13 ===
GET /greeting/list [bbserv] 200 71ms

=INFO REPORT==== 23-Mar-2013::22:08:15 ===
Loading routes from "/root/Projects/bbserv/priv/bbserv.routes" ....

=INFO REPORT==== 23-Mar-2013::22:08:15 ===
GET /greeting/create [bbserv] 200 73ms

=INFO REPORT==== 23-Mar-2013::22:08:20 ===
Loading routes from "/root/Projects/bbserv/priv/bbserv.routes" ....

=INFO REPORT==== 23-Mar-2013::22:08:20 ===
POST /greeting/create [bbserv] 302 58ms

=INFO REPORT==== 23-Mar-2013::22:08:20 ===
Loading routes from "/root/Projects/bbserv/priv/bbserv.routes" ....

=INFO REPORT==== 23-Mar-2013::22:08:20 ===
GET /greeting/list [bbserv] 200 68ms
