
=INFO REPORT==== 3-Apr-2013::17:40:22 ===
Starting Boss in development mode....

=INFO REPORT==== 3-Apr-2013::17:40:22 ===
Starting master services on 'bbserv@Alans-MacBook-Pro'

=INFO REPORT==== 3-Apr-2013::17:40:22 ===
SSL:[]

=INFO REPORT==== 3-Apr-2013::17:40:22 ===
Loading routes from "/Users/alan/src/bbserv/priv/bbserv.routes" ....

=INFO REPORT==== 3-Apr-2013::17:40:33 ===
Loading routes from "/Users/alan/src/bbserv/priv/bbserv.routes" ....

=INFO REPORT==== 3-Apr-2013::17:40:33 ===
GET /greeting/list [bbserv] 200 38ms

=INFO REPORT==== 3-Apr-2013::17:40:37 ===
Loading routes from "/Users/alan/src/bbserv/priv/bbserv.routes" ....

=ERROR REPORT==== 3-Apr-2013::17:40:37 ===
GET /admin [bbserv] 404 0ms

=INFO REPORT==== 3-Apr-2013::17:46:53 ===
Loading routes from "/Users/alan/src/bbserv/priv/bbserv.routes" ....

=INFO REPORT==== 3-Apr-2013::17:46:53 ===
GET /greeting/create [bbserv] 200 40ms

=INFO REPORT==== 3-Apr-2013::17:46:59 ===
Loading routes from "/Users/alan/src/bbserv/priv/bbserv.routes" ....

=INFO REPORT==== 3-Apr-2013::17:46:59 ===
POST /greeting/create [bbserv] 302 39ms

=INFO REPORT==== 3-Apr-2013::17:46:59 ===
Loading routes from "/Users/alan/src/bbserv/priv/bbserv.routes" ....

=INFO REPORT==== 3-Apr-2013::17:46:59 ===
GET /greeting/list [bbserv] 200 40ms

=INFO REPORT==== 3-Apr-2013::17:47:09 ===
Loading routes from "/Users/alan/src/bbserv/priv/bbserv.routes" ....

=INFO REPORT==== 3-Apr-2013::17:47:10 ===
GET /greeting/list [bbserv] 200 41ms

=INFO REPORT==== 3-Apr-2013::17:47:29 ===
Loading routes from "/Users/alan/src/bbserv/priv/bbserv.routes" ....

=INFO REPORT==== 3-Apr-2013::17:47:29 ===
GET /greeting/live [bbserv] 200 39ms

=INFO REPORT==== 3-Apr-2013::17:47:29 ===
Loading routes from "/Users/alan/src/bbserv/priv/bbserv.routes" ....

=INFO REPORT==== 3-Apr-2013::17:47:33 ===
Loading routes from "/Users/alan/src/bbserv/priv/bbserv.routes" ....

=INFO REPORT==== 3-Apr-2013::17:47:33 ===
GET /greeting/create [bbserv] 200 39ms

=INFO REPORT==== 3-Apr-2013::17:47:40 ===
Loading routes from "/Users/alan/src/bbserv/priv/bbserv.routes" ....

=INFO REPORT==== 3-Apr-2013::17:47:40 ===
Loading routes from "/Users/alan/src/bbserv/priv/bbserv.routes" ....

=INFO REPORT==== 3-Apr-2013::17:47:40 ===
POST /greeting/create [bbserv] 302 39ms

=INFO REPORT==== 3-Apr-2013::17:47:40 ===
Loading routes from "/Users/alan/src/bbserv/priv/bbserv.routes" ....

=INFO REPORT==== 3-Apr-2013::17:47:40 ===
GET /greeting/pull/1365022049462159 [bbserv] 200 43ms

=INFO REPORT==== 3-Apr-2013::17:47:40 ===
Loading routes from "/Users/alan/src/bbserv/priv/bbserv.routes" ....

=INFO REPORT==== 3-Apr-2013::17:47:40 ===
GET /greeting/list [bbserv] 200 46ms

=INFO REPORT==== 3-Apr-2013::17:47:47 ===
Loading routes from "/Users/alan/src/bbserv/priv/bbserv.routes" ....

=INFO REPORT==== 3-Apr-2013::17:47:47 ===
POST /greeting/goodbye [bbserv] 302 34ms

=INFO REPORT==== 3-Apr-2013::17:47:47 ===
Loading routes from "/Users/alan/src/bbserv/priv/bbserv.routes" ....

=INFO REPORT==== 3-Apr-2013::17:47:47 ===
Loading routes from "/Users/alan/src/bbserv/priv/bbserv.routes" ....

=INFO REPORT==== 3-Apr-2013::17:47:47 ===
GET /greeting/list [bbserv] 200 42ms
