
=INFO REPORT==== 2-Apr-2013::15:29:25 ===
Starting Boss in development mode....

=INFO REPORT==== 2-Apr-2013::15:29:25 ===
Starting master services on bbserv@localhost

=INFO REPORT==== 2-Apr-2013::15:29:26 ===
SSL:[]

=INFO REPORT==== 2-Apr-2013::15:29:26 ===
Loading routes from "/root/Projects/bbserv/priv/bbserv.routes" ....

=INFO REPORT==== 2-Apr-2013::15:29:35 ===
Loading routes from "/root/Projects/bbserv/priv/bbserv.routes" ....

=INFO REPORT==== 2-Apr-2013::15:29:35 ===
GET /greeting/list [bbserv] 200 61ms

=INFO REPORT==== 2-Apr-2013::15:29:37 ===
Loading routes from "/root/Projects/bbserv/priv/bbserv.routes" ....

=ERROR REPORT==== 2-Apr-2013::15:29:37 ===
** Generic server <0.74.0> terminating 
** Last message in was {delete,undefined}
** When Server state == {state,boss_db_adapter_mock,undefined,[],
                               {dict,0,16,16,8,80,48,
                                     {[],[],[],[],[],[],[],[],[],[],[],[],[],
                                      [],[],[]},
                                     {{[],[],[],[],[],[],[],[],[],[],[],[],[],
                                       [],[],[]}}},
                               false,60,db,0}
** Reason for termination == 
** {function_clause,
       [{boss_db_controller,infer_type_from_id,
            [undefined],
            [{file,"src/boss_db_controller.erl"},{line,238}]},
        {boss_db_controller,db_for_key,2,
            [{file,"src/boss_db_controller.erl"},{line,228}]},
        {boss_db_controller,handle_call,3,
            [{file,"src/boss_db_controller.erl"},{line,145}]},
        {gen_server,handle_msg,5,[{file,"gen_server.erl"},{line,588}]},
        {proc_lib,init_p_do_apply,3,[{file,"proc_lib.erl"},{line,227}]}]}

=ERROR REPORT==== 2-Apr-2013::15:29:37 ===
{{function_clause,
     [{boss_db_controller,infer_type_from_id,
          [undefined],
          [{file,"src/boss_db_controller.erl"},{line,238}]},
      {boss_db_controller,db_for_key,2,
          [{file,"src/boss_db_controller.erl"},{line,228}]},
      {boss_db_controller,handle_call,3,
          [{file,"src/boss_db_controller.erl"},{line,145}]},
      {gen_server,handle_msg,5,[{file,"gen_server.erl"},{line,588}]},
      {proc_lib,init_p_do_apply,3,[{file,"proc_lib.erl"},{line,227}]}]},
 {gen_server,call,[<0.74.0>,{delete,undefined},30000]}}

=ERROR REPORT==== 2-Apr-2013::15:29:37 ===
POST /greeting/goodbye [bbserv] 500 66ms

=INFO REPORT==== 2-Apr-2013::15:29:46 ===
Loading routes from "/root/Projects/bbserv/priv/bbserv.routes" ....

=INFO REPORT==== 2-Apr-2013::15:29:47 ===
GET /greeting/create [bbserv] 200 79ms

=INFO REPORT==== 2-Apr-2013::15:29:57 ===
Loading routes from "/root/Projects/bbserv/priv/bbserv.routes" ....

=INFO REPORT==== 2-Apr-2013::15:29:57 ===
POST /greeting/create [bbserv] 302 71ms

=INFO REPORT==== 2-Apr-2013::15:29:57 ===
Loading routes from "/root/Projects/bbserv/priv/bbserv.routes" ....

=INFO REPORT==== 2-Apr-2013::15:29:58 ===
GET /greeting/list [bbserv] 200 83ms

=INFO REPORT==== 2-Apr-2013::15:30:01 ===
Loading routes from "/root/Projects/bbserv/priv/bbserv.routes" ....

=INFO REPORT==== 2-Apr-2013::15:30:01 ===
GET /greeting/create [bbserv] 200 79ms

=INFO REPORT==== 2-Apr-2013::15:30:09 ===
Loading routes from "/root/Projects/bbserv/priv/bbserv.routes" ....

=INFO REPORT==== 2-Apr-2013::15:30:09 ===
POST /greeting/create [bbserv] 302 81ms

=INFO REPORT==== 2-Apr-2013::15:30:09 ===
Loading routes from "/root/Projects/bbserv/priv/bbserv.routes" ....

=INFO REPORT==== 2-Apr-2013::15:30:09 ===
GET /greeting/list [bbserv] 200 93ms

=INFO REPORT==== 2-Apr-2013::16:21:59 ===
Loading routes from "/root/Projects/bbserv/priv/bbserv.routes" ....

=INFO REPORT==== 2-Apr-2013::16:21:59 ===
GET /greeting/create [bbserv] 200 78ms

=INFO REPORT==== 2-Apr-2013::16:22:07 ===
Loading routes from "/root/Projects/bbserv/priv/bbserv.routes" ....

=INFO REPORT==== 2-Apr-2013::16:22:07 ===
POST /greeting/create [bbserv] 302 66ms

=INFO REPORT==== 2-Apr-2013::16:22:07 ===
Loading routes from "/root/Projects/bbserv/priv/bbserv.routes" ....

=INFO REPORT==== 2-Apr-2013::16:22:07 ===
GET /greeting/list [bbserv] 200 84ms

=INFO REPORT==== 2-Apr-2013::17:04:28 ===
Loading routes from "/root/Projects/bbserv/priv/bbserv.routes" ....

=INFO REPORT==== 2-Apr-2013::17:04:28 ===
GET /greeting/create [bbserv] 200 75ms

=INFO REPORT==== 2-Apr-2013::17:08:58 ===
Loading routes from "/root/Projects/bbserv/priv/bbserv.routes" ....

=INFO REPORT==== 2-Apr-2013::17:08:58 ===
GET /greeting/send_test_message [bbserv] 200 66ms

=INFO REPORT==== 2-Apr-2013::17:10:46 ===
Loading routes from "/root/Projects/bbserv/priv/bbserv.routes" ....

=INFO REPORT==== 2-Apr-2013::17:10:46 ===
GET /greeting/send_test_message [bbserv] 200 71ms

=INFO REPORT==== 2-Apr-2013::17:21:26 ===
Loading routes from "/root/Projects/bbserv/priv/bbserv.routes" ....

=INFO REPORT==== 2-Apr-2013::17:21:26 ===
GET /greeting/send_test_message [bbserv] 200 105ms
